00:19:26 INFO  : Registering command handlers for SDK TCF services
00:19:26 INFO  : Launching XSCT server: xsct.bat -interactive S:\Projects\Microblaze\Microblaze.sdk\temp_xsdb_launch_script.tcl
00:19:28 INFO  : XSCT server has started successfully.
00:19:28 INFO  : Successfully done setting XSCT server connection channel  
00:19:29 INFO  : Successfully done setting SDK workspace  
00:19:29 INFO  : Processing command line option -hwspec S:/Projects/Microblaze/Microblaze.sdk/design_1_wrapper.hdf.
00:21:02 INFO  : Connected to target on host '127.0.0.1' and port '3121'.
00:21:03 INFO  : 'targets -set -filter {jtag_cable_name =~ "Digilent Basys3 210183A37A9AA" && level==0} -index 0' command is executed.
00:21:05 INFO  : FPGA configured successfully with bitstream "S:/Projects/Microblaze/Microblaze.sdk/design_1_wrapper_hw_platform_0/download.bit"
00:21:46 INFO  : 'targets -set -filter {jtag_cable_name =~ "Digilent Basys3 210183A37A9AA" && level==0} -index 0' command is executed.
00:21:46 INFO  : 'fpga -state' command is executed.
00:21:46 INFO  : Connected to target on host '127.0.0.1' and port '3121'.
00:21:46 INFO  : Jtag cable 'Digilent Basys3 210183A37A9AA' is selected.
00:21:46 INFO  : 'jtag frequency' command is executed.
00:21:46 INFO  : Context for processor 'microblaze_0' is selected.
00:21:46 INFO  : Processor reset is completed for 'microblaze_0'.
00:21:46 INFO  : Context for processor 'microblaze_0' is selected.
00:21:46 INFO  : The application 'S:/Projects/Microblaze/Microblaze.sdk/Microblazecode/Debug/Microblazecode.elf' is downloaded to processor 'microblaze_0'.
00:21:46 INFO  : ----------------XSDB Script----------------
connect -url tcp:127.0.0.1:3121
targets -set -nocase -filter {name =~ "microblaze*#0" && bscan=="USER2"  && jtag_cable_name =~ "Digilent Basys3 210183A37A9AA"} -index 0
rst -processor
targets -set -nocase -filter {name =~ "microblaze*#0" && bscan=="USER2"  && jtag_cable_name =~ "Digilent Basys3 210183A37A9AA"} -index 0
dow S:/Projects/Microblaze/Microblaze.sdk/Microblazecode/Debug/Microblazecode.elf
----------------End of Script----------------

00:21:46 INFO  : Memory regions updated for context MicroBlaze #0
00:21:46 INFO  : Memory regions updated for context MicroBlaze #0
00:21:46 INFO  : Context for processor 'microblaze_0' is selected.
00:21:46 INFO  : 'con' command is executed.
00:21:46 INFO  : ----------------XSDB Script (After Launch)----------------
targets -set -nocase -filter {name =~ "microblaze*#0" && bscan=="USER2"  && jtag_cable_name =~ "Digilent Basys3 210183A37A9AA"} -index 0
con
----------------End of Script----------------

00:21:46 INFO  : Launch script is exported to file 'S:\Projects\Microblaze\Microblaze.sdk\.sdk\launch_scripts\xilinx_c-c++_application_(system_debugger)\system_debugger_using_debug_microblazecode.elf_on_local.tcl'
00:22:31 INFO  : Disconnected from the channel tcfchan#1.
00:22:32 INFO  : 'targets -set -filter {jtag_cable_name =~ "Digilent Basys3 210183A37A9AA" && level==0} -index 0' command is executed.
00:22:32 INFO  : 'fpga -state' command is executed.
00:22:32 INFO  : Connected to target on host '127.0.0.1' and port '3121'.
00:22:32 INFO  : Jtag cable 'Digilent Basys3 210183A37A9AA' is selected.
00:22:32 INFO  : 'jtag frequency' command is executed.
00:22:32 INFO  : Context for processor 'microblaze_0' is selected.
00:22:32 INFO  : Processor reset is completed for 'microblaze_0'.
00:22:32 INFO  : Context for processor 'microblaze_0' is selected.
00:22:32 INFO  : The application 'S:/Projects/Microblaze/Microblaze.sdk/Microblazecode/Debug/Microblazecode.elf' is downloaded to processor 'microblaze_0'.
00:22:32 INFO  : ----------------XSDB Script----------------
connect -url tcp:127.0.0.1:3121
targets -set -nocase -filter {name =~ "microblaze*#0" && bscan=="USER2"  && jtag_cable_name =~ "Digilent Basys3 210183A37A9AA"} -index 0
rst -processor
targets -set -nocase -filter {name =~ "microblaze*#0" && bscan=="USER2"  && jtag_cable_name =~ "Digilent Basys3 210183A37A9AA"} -index 0
dow S:/Projects/Microblaze/Microblaze.sdk/Microblazecode/Debug/Microblazecode.elf
----------------End of Script----------------

00:22:32 INFO  : Memory regions updated for context MicroBlaze #0
00:22:32 INFO  : Memory regions updated for context MicroBlaze #0
00:22:32 INFO  : Context for processor 'microblaze_0' is selected.
00:22:32 INFO  : 'con' command is executed.
00:22:32 INFO  : ----------------XSDB Script (After Launch)----------------
targets -set -nocase -filter {name =~ "microblaze*#0" && bscan=="USER2"  && jtag_cable_name =~ "Digilent Basys3 210183A37A9AA"} -index 0
con
----------------End of Script----------------

00:22:32 INFO  : Launch script is exported to file 'S:\Projects\Microblaze\Microblaze.sdk\.sdk\launch_scripts\xilinx_c-c++_application_(system_debugger)\system_debugger_using_debug_microblazecode.elf_on_local.tcl'
00:34:45 INFO  : Disconnected from the channel tcfchan#2.
00:34:46 INFO  : 'targets -set -filter {jtag_cable_name =~ "Digilent Basys3 210183A37A9AA" && level==0} -index 0' command is executed.
00:34:46 INFO  : 'fpga -state' command is executed.
00:34:46 INFO  : Connected to target on host '127.0.0.1' and port '3121'.
00:34:47 INFO  : Jtag cable 'Digilent Basys3 210183A37A9AA' is selected.
00:34:47 INFO  : 'jtag frequency' command is executed.
00:34:47 INFO  : Context for processor 'microblaze_0' is selected.
00:34:47 INFO  : Processor reset is completed for 'microblaze_0'.
00:34:47 INFO  : Context for processor 'microblaze_0' is selected.
00:34:47 INFO  : The application 'S:/Projects/Microblaze/Microblaze.sdk/Microblazecode/Debug/Microblazecode.elf' is downloaded to processor 'microblaze_0'.
00:34:47 INFO  : ----------------XSDB Script----------------
connect -url tcp:127.0.0.1:3121
targets -set -nocase -filter {name =~ "microblaze*#0" && bscan=="USER2"  && jtag_cable_name =~ "Digilent Basys3 210183A37A9AA"} -index 0
rst -processor
targets -set -nocase -filter {name =~ "microblaze*#0" && bscan=="USER2"  && jtag_cable_name =~ "Digilent Basys3 210183A37A9AA"} -index 0
dow S:/Projects/Microblaze/Microblaze.sdk/Microblazecode/Debug/Microblazecode.elf
----------------End of Script----------------

00:34:47 INFO  : Memory regions updated for context MicroBlaze #0
00:34:47 INFO  : Memory regions updated for context MicroBlaze #0
00:34:47 INFO  : Context for processor 'microblaze_0' is selected.
00:34:47 INFO  : 'con' command is executed.
00:34:47 INFO  : ----------------XSDB Script (After Launch)----------------
targets -set -nocase -filter {name =~ "microblaze*#0" && bscan=="USER2"  && jtag_cable_name =~ "Digilent Basys3 210183A37A9AA"} -index 0
con
----------------End of Script----------------

00:34:47 INFO  : Launch script is exported to file 'S:\Projects\Microblaze\Microblaze.sdk\.sdk\launch_scripts\xilinx_c-c++_application_(system_debugger)\system_debugger_using_debug_microblazecode.elf_on_local.tcl'
00:35:56 INFO  : Disconnected from the channel tcfchan#3.
00:35:57 INFO  : 'targets -set -filter {jtag_cable_name =~ "Digilent Basys3 210183A37A9AA" && level==0} -index 0' command is executed.
00:35:57 INFO  : 'fpga -state' command is executed.
00:35:57 INFO  : Connected to target on host '127.0.0.1' and port '3121'.
00:35:58 INFO  : Jtag cable 'Digilent Basys3 210183A37A9AA' is selected.
00:35:58 INFO  : 'jtag frequency' command is executed.
00:35:58 INFO  : Context for processor 'microblaze_0' is selected.
00:35:58 INFO  : Processor reset is completed for 'microblaze_0'.
00:35:58 INFO  : Context for processor 'microblaze_0' is selected.
00:35:58 INFO  : The application 'S:/Projects/Microblaze/Microblaze.sdk/Microblazecode/Debug/Microblazecode.elf' is downloaded to processor 'microblaze_0'.
00:35:58 INFO  : ----------------XSDB Script----------------
connect -url tcp:127.0.0.1:3121
targets -set -nocase -filter {name =~ "microblaze*#0" && bscan=="USER2"  && jtag_cable_name =~ "Digilent Basys3 210183A37A9AA"} -index 0
rst -processor
targets -set -nocase -filter {name =~ "microblaze*#0" && bscan=="USER2"  && jtag_cable_name =~ "Digilent Basys3 210183A37A9AA"} -index 0
dow S:/Projects/Microblaze/Microblaze.sdk/Microblazecode/Debug/Microblazecode.elf
----------------End of Script----------------

00:35:58 INFO  : Memory regions updated for context MicroBlaze #0
00:35:58 INFO  : Memory regions updated for context MicroBlaze #0
00:35:58 INFO  : Context for processor 'microblaze_0' is selected.
00:35:58 INFO  : 'con' command is executed.
00:35:58 INFO  : ----------------XSDB Script (After Launch)----------------
targets -set -nocase -filter {name =~ "microblaze*#0" && bscan=="USER2"  && jtag_cable_name =~ "Digilent Basys3 210183A37A9AA"} -index 0
con
----------------End of Script----------------

00:35:58 INFO  : Launch script is exported to file 'S:\Projects\Microblaze\Microblaze.sdk\.sdk\launch_scripts\xilinx_c-c++_application_(system_debugger)\system_debugger_using_debug_microblazecode.elf_on_local.tcl'
00:37:41 INFO  : Disconnected from the channel tcfchan#4.
00:37:43 INFO  : 'targets -set -filter {jtag_cable_name =~ "Digilent Basys3 210183A37A9AA" && level==0} -index 0' command is executed.
00:37:43 INFO  : 'fpga -state' command is executed.
00:37:43 INFO  : Connected to target on host '127.0.0.1' and port '3121'.
00:37:43 INFO  : Jtag cable 'Digilent Basys3 210183A37A9AA' is selected.
00:37:43 INFO  : 'jtag frequency' command is executed.
00:37:43 INFO  : Context for processor 'microblaze_0' is selected.
00:37:43 INFO  : Processor reset is completed for 'microblaze_0'.
00:37:43 INFO  : Context for processor 'microblaze_0' is selected.
00:37:43 INFO  : The application 'S:/Projects/Microblaze/Microblaze.sdk/Microblazecode/Debug/Microblazecode.elf' is downloaded to processor 'microblaze_0'.
00:37:43 INFO  : ----------------XSDB Script----------------
connect -url tcp:127.0.0.1:3121
targets -set -nocase -filter {name =~ "microblaze*#0" && bscan=="USER2"  && jtag_cable_name =~ "Digilent Basys3 210183A37A9AA"} -index 0
rst -processor
targets -set -nocase -filter {name =~ "microblaze*#0" && bscan=="USER2"  && jtag_cable_name =~ "Digilent Basys3 210183A37A9AA"} -index 0
dow S:/Projects/Microblaze/Microblaze.sdk/Microblazecode/Debug/Microblazecode.elf
----------------End of Script----------------

00:37:43 INFO  : Memory regions updated for context MicroBlaze #0
00:37:43 INFO  : Memory regions updated for context MicroBlaze #0
00:37:43 INFO  : Context for processor 'microblaze_0' is selected.
00:37:43 INFO  : 'con' command is executed.
00:37:43 INFO  : ----------------XSDB Script (After Launch)----------------
targets -set -nocase -filter {name =~ "microblaze*#0" && bscan=="USER2"  && jtag_cable_name =~ "Digilent Basys3 210183A37A9AA"} -index 0
con
----------------End of Script----------------

00:37:43 INFO  : Launch script is exported to file 'S:\Projects\Microblaze\Microblaze.sdk\.sdk\launch_scripts\xilinx_c-c++_application_(system_debugger)\system_debugger_using_debug_microblazecode.elf_on_local.tcl'
11:54:25 INFO  : Registering command handlers for SDK TCF services
11:54:26 INFO  : Launching XSCT server: xsct.bat -interactive D:\FPGA\ProgH-Practicum\PROGH2\Microblaze\Microblaze.sdk\temp_xsdb_launch_script.tcl
11:54:32 INFO  : XSCT server has started successfully.
11:54:32 INFO  : Successfully done setting XSCT server connection channel  
11:54:42 INFO  : Successfully done setting SDK workspace  
11:54:42 INFO  : Processing command line option -hwspec D:/FPGA/ProgH-Practicum/PROGH2/Microblaze/Microblaze.sdk/design_1_wrapper.hdf.
11:55:56 INFO  : 'targets -set -filter {jtag_cable_name =~ "Digilent Basys3 210183A37A9AA" && level==0} -index 0' command is executed.
11:55:57 INFO  : 'fpga -state' command is executed.
11:55:57 INFO  : Connected to target on host '127.0.0.1' and port '3121'.
11:55:57 INFO  : Jtag cable 'Digilent Basys3 210183A37A9AA' is selected.
11:55:57 INFO  : 'jtag frequency' command is executed.
11:55:57 INFO  : Context for processor 'microblaze_0' is selected.
11:55:57 INFO  : Processor reset is completed for 'microblaze_0'.
11:55:57 INFO  : Context for processor 'microblaze_0' is selected.
11:55:57 INFO  : The application 'D:/FPGA/ProgH-Practicum/PROGH2/Microblaze/Microblaze.sdk/Microblazecode/Debug/Microblazecode.elf' is downloaded to processor 'microblaze_0'.
11:55:57 INFO  : ----------------XSDB Script----------------
connect -url tcp:127.0.0.1:3121
targets -set -nocase -filter {name =~ "microblaze*#0" && bscan=="USER2"  && jtag_cable_name =~ "Digilent Basys3 210183A37A9AA"} -index 0
rst -processor
targets -set -nocase -filter {name =~ "microblaze*#0" && bscan=="USER2"  && jtag_cable_name =~ "Digilent Basys3 210183A37A9AA"} -index 0
dow D:/FPGA/ProgH-Practicum/PROGH2/Microblaze/Microblaze.sdk/Microblazecode/Debug/Microblazecode.elf
----------------End of Script----------------

11:55:57 INFO  : Memory regions updated for context MicroBlaze #0
11:55:57 INFO  : Memory regions updated for context MicroBlaze #0
11:55:57 INFO  : Context for processor 'microblaze_0' is selected.
11:55:57 INFO  : 'con' command is executed.
11:55:57 INFO  : ----------------XSDB Script (After Launch)----------------
targets -set -nocase -filter {name =~ "microblaze*#0" && bscan=="USER2"  && jtag_cable_name =~ "Digilent Basys3 210183A37A9AA"} -index 0
con
----------------End of Script----------------

11:55:57 INFO  : Launch script is exported to file 'D:\FPGA\ProgH-Practicum\PROGH2\Microblaze\Microblaze.sdk\.sdk\launch_scripts\xilinx_c-c++_application_(system_debugger)\system_debugger_using_debug_microblazecode.elf_on_local.tcl'
19:55:01 INFO  : Disconnected from the channel tcfchan#1.
