
*** Running vivado
    with args -log MainGame.vds -m64 -product Vivado -mode batch -messageDb vivado.pb -notrace -source MainGame.tcl


****** Vivado v2017.4 (64-bit)
  **** SW Build 2086221 on Fri Dec 15 20:55:39 MST 2017
  **** IP Build 2085800 on Fri Dec 15 22:25:07 MST 2017
    ** Copyright 1986-2017 Xilinx, Inc. All Rights Reserved.

source MainGame.tcl -notrace
Command: synth_design -top MainGame -part xc7a35tcpg236-1
Starting synth_design
Attempting to get a license for feature 'Synthesis' and/or device 'xc7a35t'
INFO: [Common 17-349] Got license for feature 'Synthesis' and/or device 'xc7a35t'
INFO: Launching helper process for spawning children vivado processes
INFO: Helper process launched with PID 6384 
---------------------------------------------------------------------------------
Starting RTL Elaboration : Time (s): cpu = 00:00:06 ; elapsed = 00:00:09 . Memory (MB): peak = 358.605 ; gain = 101.895
---------------------------------------------------------------------------------
INFO: [Synth 8-638] synthesizing module 'MainGame' [C:/Users/Daniel/Documents/ProgH-Practica/PROGH2/Eindopdracht/EindOpdracht/EindOpdracht.srcs/sources_1/new/MainGame.vhd:40]
INFO: [Synth 8-3491] module 'Pixel_Clock' declared at 'C:/Users/Daniel/Documents/ProgH-Practica/PROGH2/Eindopdracht/EindOpdracht/EindOpdracht.runs/synth_1/.Xil/Vivado-884-DESKTOP-I8VS7IB/realtime/Pixel_Clock_stub.vhdl:5' bound to instance 'pix_clk' of component 'Pixel_Clock' [C:/Users/Daniel/Documents/ProgH-Practica/PROGH2/Eindopdracht/EindOpdracht/EindOpdracht.srcs/sources_1/new/MainGame.vhd:87]
INFO: [Synth 8-638] synthesizing module 'Pixel_Clock' [C:/Users/Daniel/Documents/ProgH-Practica/PROGH2/Eindopdracht/EindOpdracht/EindOpdracht.runs/synth_1/.Xil/Vivado-884-DESKTOP-I8VS7IB/realtime/Pixel_Clock_stub.vhdl:13]
INFO: [Synth 8-3491] module 'VGA' declared at 'C:/Users/Daniel/Documents/ProgH-Practica/PROGH2/Eindopdracht/EindOpdracht/EindOpdracht.srcs/sources_1/new/vga.vhd:22' bound to instance 'graphics' of component 'vga' [C:/Users/Daniel/Documents/ProgH-Practica/PROGH2/Eindopdracht/EindOpdracht/EindOpdracht.srcs/sources_1/new/MainGame.vhd:88]
INFO: [Synth 8-638] synthesizing module 'VGA' [C:/Users/Daniel/Documents/ProgH-Practica/PROGH2/Eindopdracht/EindOpdracht/EindOpdracht.srcs/sources_1/new/vga.vhd:32]
INFO: [Synth 8-4471] merging register 'green_reg' into 'red_reg' [C:/Users/Daniel/Documents/ProgH-Practica/PROGH2/Eindopdracht/EindOpdracht/EindOpdracht.srcs/sources_1/new/vga.vhd:60]
INFO: [Synth 8-4471] merging register 'blue_reg' into 'red_reg' [C:/Users/Daniel/Documents/ProgH-Practica/PROGH2/Eindopdracht/EindOpdracht/EindOpdracht.srcs/sources_1/new/vga.vhd:61]
WARNING: [Synth 8-6014] Unused sequential element green_reg was removed.  [C:/Users/Daniel/Documents/ProgH-Practica/PROGH2/Eindopdracht/EindOpdracht/EindOpdracht.srcs/sources_1/new/vga.vhd:60]
WARNING: [Synth 8-6014] Unused sequential element blue_reg was removed.  [C:/Users/Daniel/Documents/ProgH-Practica/PROGH2/Eindopdracht/EindOpdracht/EindOpdracht.srcs/sources_1/new/vga.vhd:61]
INFO: [Synth 8-256] done synthesizing module 'VGA' (1#1) [C:/Users/Daniel/Documents/ProgH-Practica/PROGH2/Eindopdracht/EindOpdracht/EindOpdracht.srcs/sources_1/new/vga.vhd:32]
INFO: [Synth 8-3491] module 'Notenbalk' declared at 'C:/Users/Daniel/Documents/ProgH-Practica/PROGH2/Eindopdracht/EindOpdracht/EindOpdracht.runs/synth_1/.Xil/Vivado-884-DESKTOP-I8VS7IB/realtime/Notenbalk_stub.vhdl:5' bound to instance 'NB' of component 'Notenbalk' [C:/Users/Daniel/Documents/ProgH-Practica/PROGH2/Eindopdracht/EindOpdracht/EindOpdracht.srcs/sources_1/new/MainGame.vhd:89]
INFO: [Synth 8-638] synthesizing module 'Notenbalk' [C:/Users/Daniel/Documents/ProgH-Practica/PROGH2/Eindopdracht/EindOpdracht/EindOpdracht.runs/synth_1/.Xil/Vivado-884-DESKTOP-I8VS7IB/realtime/Notenbalk_stub.vhdl:14]
INFO: [Synth 8-3491] module 'Muzieknoot' declared at 'C:/Users/Daniel/Documents/ProgH-Practica/PROGH2/Eindopdracht/EindOpdracht/EindOpdracht.runs/synth_1/.Xil/Vivado-884-DESKTOP-I8VS7IB/realtime/Muzieknoot_stub.vhdl:5' bound to instance 'MN' of component 'Muzieknoot' [C:/Users/Daniel/Documents/ProgH-Practica/PROGH2/Eindopdracht/EindOpdracht/EindOpdracht.srcs/sources_1/new/MainGame.vhd:90]
INFO: [Synth 8-638] synthesizing module 'Muzieknoot' [C:/Users/Daniel/Documents/ProgH-Practica/PROGH2/Eindopdracht/EindOpdracht/EindOpdracht.runs/synth_1/.Xil/Vivado-884-DESKTOP-I8VS7IB/realtime/Muzieknoot_stub.vhdl:14]
INFO: [Synth 8-3491] module 'spriterenderer' declared at 'C:/Users/Daniel/Documents/ProgH-Practica/PROGH2/Eindopdracht/EindOpdracht/EindOpdracht.srcs/sources_1/new/spriterenderer.vhd:36' bound to instance 'sprite' of component 'spriterenderer' [C:/Users/Daniel/Documents/ProgH-Practica/PROGH2/Eindopdracht/EindOpdracht/EindOpdracht.srcs/sources_1/new/MainGame.vhd:91]
INFO: [Synth 8-638] synthesizing module 'spriterenderer' [C:/Users/Daniel/Documents/ProgH-Practica/PROGH2/Eindopdracht/EindOpdracht/EindOpdracht.srcs/sources_1/new/spriterenderer.vhd:46]
INFO: [Synth 8-256] done synthesizing module 'spriterenderer' (2#1) [C:/Users/Daniel/Documents/ProgH-Practica/PROGH2/Eindopdracht/EindOpdracht/EindOpdracht.srcs/sources_1/new/spriterenderer.vhd:46]
INFO: [Synth 8-256] done synthesizing module 'MainGame' (3#1) [C:/Users/Daniel/Documents/ProgH-Practica/PROGH2/Eindopdracht/EindOpdracht/EindOpdracht.srcs/sources_1/new/MainGame.vhd:40]
---------------------------------------------------------------------------------
Finished RTL Elaboration : Time (s): cpu = 00:00:07 ; elapsed = 00:00:10 . Memory (MB): peak = 411.504 ; gain = 154.793
---------------------------------------------------------------------------------

Report Check Netlist: 
+------+------------------+-------+---------+-------+------------------+
|      |Item              |Errors |Warnings |Status |Description       |
+------+------------------+-------+---------+-------+------------------+
|1     |multi_driven_nets |      0|        0|Passed |Multi driven nets |
+------+------------------+-------+---------+-------+------------------+
---------------------------------------------------------------------------------
Finished RTL Optimization Phase 1 : Time (s): cpu = 00:00:07 ; elapsed = 00:00:11 . Memory (MB): peak = 411.504 ; gain = 154.793
---------------------------------------------------------------------------------
INFO: [Device 21-403] Loading part xc7a35tcpg236-1
INFO: [Project 1-570] Preparing netlist for logic optimization

Processing XDC Constraints
Initializing timing engine
Parsing XDC File [C:/Users/Daniel/Documents/ProgH-Practica/PROGH2/Eindopdracht/EindOpdracht/EindOpdracht.runs/synth_1/.Xil/Vivado-884-DESKTOP-I8VS7IB/dcp3/Notenbalk_in_context.xdc] for cell 'NB'
Finished Parsing XDC File [C:/Users/Daniel/Documents/ProgH-Practica/PROGH2/Eindopdracht/EindOpdracht/EindOpdracht.runs/synth_1/.Xil/Vivado-884-DESKTOP-I8VS7IB/dcp3/Notenbalk_in_context.xdc] for cell 'NB'
Parsing XDC File [C:/Users/Daniel/Documents/ProgH-Practica/PROGH2/Eindopdracht/EindOpdracht/EindOpdracht.runs/synth_1/.Xil/Vivado-884-DESKTOP-I8VS7IB/dcp4/Muzieknoot_in_context.xdc] for cell 'MN'
Finished Parsing XDC File [C:/Users/Daniel/Documents/ProgH-Practica/PROGH2/Eindopdracht/EindOpdracht/EindOpdracht.runs/synth_1/.Xil/Vivado-884-DESKTOP-I8VS7IB/dcp4/Muzieknoot_in_context.xdc] for cell 'MN'
Parsing XDC File [C:/Users/Daniel/Documents/ProgH-Practica/PROGH2/Eindopdracht/EindOpdracht/EindOpdracht.runs/synth_1/.Xil/Vivado-884-DESKTOP-I8VS7IB/dcp5/Pixel_Clock_in_context.xdc] for cell 'pix_clk'
Finished Parsing XDC File [C:/Users/Daniel/Documents/ProgH-Practica/PROGH2/Eindopdracht/EindOpdracht/EindOpdracht.runs/synth_1/.Xil/Vivado-884-DESKTOP-I8VS7IB/dcp5/Pixel_Clock_in_context.xdc] for cell 'pix_clk'
Parsing XDC File [C:/Users/Daniel/Documents/ProgH-Practica/PROGH2/Eindopdracht/EindOpdracht/EindOpdracht.srcs/constrs_1/new/constraints.xdc]
Finished Parsing XDC File [C:/Users/Daniel/Documents/ProgH-Practica/PROGH2/Eindopdracht/EindOpdracht/EindOpdracht.srcs/constrs_1/new/constraints.xdc]
INFO: [Project 1-236] Implementation specific constraints were found while reading constraint file [C:/Users/Daniel/Documents/ProgH-Practica/PROGH2/Eindopdracht/EindOpdracht/EindOpdracht.srcs/constrs_1/new/constraints.xdc]. These constraints will be ignored for synthesis but will be used in implementation. Impacted constraints are listed in the file [.Xil/MainGame_propImpl.xdc].
Resolution: To avoid this warning, move constraints listed in [.Xil/MainGame_propImpl.xdc] to another XDC file and exclude this new file from synthesis with the used_in_synthesis property (File Properties dialog in GUI) and re-run elaboration/synthesis.
Completed Processing XDC Constraints

INFO: [Project 1-111] Unisim Transformation Summary:
No Unisim elements were transformed.

Constraint Validation Runtime : Time (s): cpu = 00:00:00 ; elapsed = 00:00:00.065 . Memory (MB): peak = 745.477 ; gain = 0.000
WARNING: [Timing 38-316] Clock period '20.000' specified during out-of-context synthesis of instance 'MN' at clock pin 'clka' is different from the actual clock period '10.000', this can lead to different synthesis results.
WARNING: [Timing 38-316] Clock period '20.000' specified during out-of-context synthesis of instance 'NB' at clock pin 'clka' is different from the actual clock period '10.000', this can lead to different synthesis results.
---------------------------------------------------------------------------------
Finished Constraint Validation : Time (s): cpu = 00:00:19 ; elapsed = 00:00:32 . Memory (MB): peak = 745.477 ; gain = 488.766
---------------------------------------------------------------------------------
---------------------------------------------------------------------------------
Start Loading Part and Timing Information
---------------------------------------------------------------------------------
Loading part: xc7a35tcpg236-1
---------------------------------------------------------------------------------
Finished Loading Part and Timing Information : Time (s): cpu = 00:00:19 ; elapsed = 00:00:32 . Memory (MB): peak = 745.477 ; gain = 488.766
---------------------------------------------------------------------------------
---------------------------------------------------------------------------------
Start Applying 'set_property' XDC Constraints
---------------------------------------------------------------------------------
Applied set_property IO_BUFFER_TYPE = NONE for sysclk. (constraint file  C:/Users/Daniel/Documents/ProgH-Practica/PROGH2/Eindopdracht/EindOpdracht/EindOpdracht.runs/synth_1/.Xil/Vivado-884-DESKTOP-I8VS7IB/dcp5/Pixel_Clock_in_context.xdc, line 3).
Applied set_property CLOCK_BUFFER_TYPE = NONE for sysclk. (constraint file  C:/Users/Daniel/Documents/ProgH-Practica/PROGH2/Eindopdracht/EindOpdracht/EindOpdracht.runs/synth_1/.Xil/Vivado-884-DESKTOP-I8VS7IB/dcp5/Pixel_Clock_in_context.xdc, line 4).
Applied set_property DONT_TOUCH = true for MN. (constraint file  auto generated constraint, line ).
Applied set_property DONT_TOUCH = true for NB. (constraint file  auto generated constraint, line ).
Applied set_property DONT_TOUCH = true for pix_clk. (constraint file  auto generated constraint, line ).
---------------------------------------------------------------------------------
Finished applying 'set_property' XDC Constraints : Time (s): cpu = 00:00:19 ; elapsed = 00:00:32 . Memory (MB): peak = 745.477 ; gain = 488.766
---------------------------------------------------------------------------------
WARNING: [Synth 8-6014] Unused sequential element hcount_reg was removed.  [C:/Users/Daniel/Documents/ProgH-Practica/PROGH2/Eindopdracht/EindOpdracht/EindOpdracht.srcs/sources_1/new/vga.vhd:53]
WARNING: [Synth 8-6014] Unused sequential element addNO_reg was removed.  [C:/Users/Daniel/Documents/ProgH-Practica/PROGH2/Eindopdracht/EindOpdracht/EindOpdracht.srcs/sources_1/new/spriterenderer.vhd:54]
WARNING: [Synth 8-6014] Unused sequential element addNB_reg was removed.  [C:/Users/Daniel/Documents/ProgH-Practica/PROGH2/Eindopdracht/EindOpdracht/EindOpdracht.srcs/sources_1/new/spriterenderer.vhd:53]
---------------------------------------------------------------------------------
Finished RTL Optimization Phase 2 : Time (s): cpu = 00:00:20 ; elapsed = 00:00:32 . Memory (MB): peak = 745.477 ; gain = 488.766
---------------------------------------------------------------------------------

Report RTL Partitions: 
+-+--------------+------------+----------+
| |RTL Partition |Replication |Instances |
+-+--------------+------------+----------+
+-+--------------+------------+----------+
---------------------------------------------------------------------------------
Start RTL Component Statistics 
---------------------------------------------------------------------------------
Detailed RTL Component Info : 
+---Adders : 
	   2 Input     12 Bit       Adders := 1     
	   2 Input     11 Bit       Adders := 1     
+---Registers : 
	               11 Bit    Registers := 1     
	                1 Bit    Registers := 4     
+---Muxes : 
	   2 Input     11 Bit        Muxes := 1     
	   2 Input      1 Bit        Muxes := 2     
---------------------------------------------------------------------------------
Finished RTL Component Statistics 
---------------------------------------------------------------------------------
---------------------------------------------------------------------------------
Start RTL Hierarchical Component Statistics 
---------------------------------------------------------------------------------
Hierarchical RTL Component report 
Module VGA 
Detailed RTL Component Info : 
+---Adders : 
	   2 Input     12 Bit       Adders := 1     
	   2 Input     11 Bit       Adders := 1     
+---Registers : 
	               11 Bit    Registers := 1     
	                1 Bit    Registers := 3     
+---Muxes : 
	   2 Input     11 Bit        Muxes := 1     
Module spriterenderer 
Detailed RTL Component Info : 
+---Registers : 
	                1 Bit    Registers := 1     
+---Muxes : 
	   2 Input      1 Bit        Muxes := 2     
---------------------------------------------------------------------------------
Finished RTL Hierarchical Component Statistics
---------------------------------------------------------------------------------
---------------------------------------------------------------------------------
Start Part Resource Summary
---------------------------------------------------------------------------------
Part Resources:
DSPs: 90 (col length:60)
BRAMs: 100 (col length: RAMB18 60 RAMB36 30)
---------------------------------------------------------------------------------
Finished Part Resource Summary
---------------------------------------------------------------------------------
---------------------------------------------------------------------------------
Start Cross Boundary and Area Optimization
---------------------------------------------------------------------------------
WARNING: [Synth 8-6014] Unused sequential element graphics/hcount_reg was removed.  [C:/Users/Daniel/Documents/ProgH-Practica/PROGH2/Eindopdracht/EindOpdracht/EindOpdracht.srcs/sources_1/new/vga.vhd:53]
WARNING: [Synth 8-6014] Unused sequential element sprite/addNO_reg was removed.  [C:/Users/Daniel/Documents/ProgH-Practica/PROGH2/Eindopdracht/EindOpdracht/EindOpdracht.srcs/sources_1/new/spriterenderer.vhd:54]
WARNING: [Synth 8-6014] Unused sequential element sprite/addNB_reg was removed.  [C:/Users/Daniel/Documents/ProgH-Practica/PROGH2/Eindopdracht/EindOpdracht/EindOpdracht.srcs/sources_1/new/spriterenderer.vhd:53]
---------------------------------------------------------------------------------
Finished Cross Boundary and Area Optimization : Time (s): cpu = 00:00:21 ; elapsed = 00:00:34 . Memory (MB): peak = 745.477 ; gain = 488.766
---------------------------------------------------------------------------------

Report RTL Partitions: 
+-+--------------+------------+----------+
| |RTL Partition |Replication |Instances |
+-+--------------+------------+----------+
+-+--------------+------------+----------+
---------------------------------------------------------------------------------
Start Applying XDC Timing Constraints
---------------------------------------------------------------------------------
INFO: [Synth 8-5578] Moved timing constraint from pin 'pix_clk/clk_out1' to pin 'pix_clk/bbstub_clk_out1/O'
INFO: [Synth 8-5819] Moved 1 constraints on hierarchical pins to their respective driving/loading pins
---------------------------------------------------------------------------------
Finished Applying XDC Timing Constraints : Time (s): cpu = 00:00:31 ; elapsed = 00:00:45 . Memory (MB): peak = 745.477 ; gain = 488.766
---------------------------------------------------------------------------------
---------------------------------------------------------------------------------
Start Timing Optimization
---------------------------------------------------------------------------------
---------------------------------------------------------------------------------
Finished Timing Optimization : Time (s): cpu = 00:00:31 ; elapsed = 00:00:45 . Memory (MB): peak = 746.211 ; gain = 489.500
---------------------------------------------------------------------------------

Report RTL Partitions: 
+-+--------------+------------+----------+
| |RTL Partition |Replication |Instances |
+-+--------------+------------+----------+
+-+--------------+------------+----------+
---------------------------------------------------------------------------------
Start Technology Mapping
---------------------------------------------------------------------------------
---------------------------------------------------------------------------------
Finished Technology Mapping : Time (s): cpu = 00:00:31 ; elapsed = 00:00:45 . Memory (MB): peak = 755.898 ; gain = 499.188
---------------------------------------------------------------------------------

Report RTL Partitions: 
+-+--------------+------------+----------+
| |RTL Partition |Replication |Instances |
+-+--------------+------------+----------+
+-+--------------+------------+----------+
---------------------------------------------------------------------------------
Start IO Insertion
---------------------------------------------------------------------------------
---------------------------------------------------------------------------------
Start Flattening Before IO Insertion
---------------------------------------------------------------------------------
---------------------------------------------------------------------------------
Finished Flattening Before IO Insertion
---------------------------------------------------------------------------------
---------------------------------------------------------------------------------
Start Final Netlist Cleanup
---------------------------------------------------------------------------------
---------------------------------------------------------------------------------
Finished Final Netlist Cleanup
---------------------------------------------------------------------------------
---------------------------------------------------------------------------------
Finished IO Insertion : Time (s): cpu = 00:00:32 ; elapsed = 00:00:46 . Memory (MB): peak = 755.898 ; gain = 499.188
---------------------------------------------------------------------------------

Report Check Netlist: 
+------+------------------+-------+---------+-------+------------------+
|      |Item              |Errors |Warnings |Status |Description       |
+------+------------------+-------+---------+-------+------------------+
|1     |multi_driven_nets |      0|        0|Passed |Multi driven nets |
+------+------------------+-------+---------+-------+------------------+
---------------------------------------------------------------------------------
Start Renaming Generated Instances
---------------------------------------------------------------------------------
---------------------------------------------------------------------------------
Finished Renaming Generated Instances : Time (s): cpu = 00:00:32 ; elapsed = 00:00:46 . Memory (MB): peak = 755.898 ; gain = 499.188
---------------------------------------------------------------------------------

Report RTL Partitions: 
+-+--------------+------------+----------+
| |RTL Partition |Replication |Instances |
+-+--------------+------------+----------+
+-+--------------+------------+----------+
---------------------------------------------------------------------------------
Start Rebuilding User Hierarchy
---------------------------------------------------------------------------------
---------------------------------------------------------------------------------
Finished Rebuilding User Hierarchy : Time (s): cpu = 00:00:32 ; elapsed = 00:00:46 . Memory (MB): peak = 755.898 ; gain = 499.188
---------------------------------------------------------------------------------
---------------------------------------------------------------------------------
Start Renaming Generated Ports
---------------------------------------------------------------------------------
---------------------------------------------------------------------------------
Finished Renaming Generated Ports : Time (s): cpu = 00:00:32 ; elapsed = 00:00:46 . Memory (MB): peak = 755.898 ; gain = 499.188
---------------------------------------------------------------------------------
---------------------------------------------------------------------------------
Start Handling Custom Attributes
---------------------------------------------------------------------------------
---------------------------------------------------------------------------------
Finished Handling Custom Attributes : Time (s): cpu = 00:00:32 ; elapsed = 00:00:46 . Memory (MB): peak = 755.898 ; gain = 499.188
---------------------------------------------------------------------------------
---------------------------------------------------------------------------------
Start Renaming Generated Nets
---------------------------------------------------------------------------------
---------------------------------------------------------------------------------
Finished Renaming Generated Nets : Time (s): cpu = 00:00:32 ; elapsed = 00:00:46 . Memory (MB): peak = 755.898 ; gain = 499.188
---------------------------------------------------------------------------------
---------------------------------------------------------------------------------
Start Writing Synthesis Report
---------------------------------------------------------------------------------

Report BlackBoxes: 
+------+--------------+----------+
|      |BlackBox name |Instances |
+------+--------------+----------+
|1     |Pixel_Clock   |         1|
|2     |Notenbalk     |         1|
|3     |Muzieknoot    |         1|
+------+--------------+----------+

Report Cell Usage: 
+------+-------------------+------+
|      |Cell               |Count |
+------+-------------------+------+
|1     |Muzieknoot_bbox_2  |     1|
|2     |Notenbalk_bbox_1   |     1|
|3     |Pixel_Clock_bbox_0 |     1|
|4     |CARRY4             |    24|
|5     |LUT1               |     4|
|6     |LUT2               |    34|
|7     |LUT3               |     2|
|8     |LUT4               |     7|
|9     |LUT5               |     9|
|10    |LUT6               |    15|
|11    |FDRE               |    62|
|12    |OBUF               |     5|
+------+-------------------+------+

Report Instance Areas: 
+------+-----------+---------------+------+
|      |Instance   |Module         |Cells |
+------+-----------+---------------+------+
|1     |top        |               |   165|
|2     |  graphics |VGA            |    79|
|3     |  sprite   |spriterenderer |    78|
+------+-----------+---------------+------+
---------------------------------------------------------------------------------
Finished Writing Synthesis Report : Time (s): cpu = 00:00:32 ; elapsed = 00:00:46 . Memory (MB): peak = 755.898 ; gain = 499.188
---------------------------------------------------------------------------------
Synthesis finished with 0 errors, 0 critical warnings and 6 warnings.
Synthesis Optimization Runtime : Time (s): cpu = 00:00:18 ; elapsed = 00:00:32 . Memory (MB): peak = 755.898 ; gain = 165.215
Synthesis Optimization Complete : Time (s): cpu = 00:00:32 ; elapsed = 00:00:47 . Memory (MB): peak = 755.898 ; gain = 499.188
INFO: [Project 1-571] Translating synthesized netlist
INFO: [Netlist 29-17] Analyzing 24 Unisim elements for replacement
INFO: [Netlist 29-28] Unisim Transformation completed in 0 CPU seconds
INFO: [Project 1-570] Preparing netlist for logic optimization
INFO: [Opt 31-138] Pushed 0 inverter(s) to 0 load pin(s).
INFO: [Project 1-111] Unisim Transformation Summary:
No Unisim elements were transformed.

INFO: [Common 17-83] Releasing license: Synthesis
30 Infos, 10 Warnings, 0 Critical Warnings and 0 Errors encountered.
synth_design completed successfully
synth_design: Time (s): cpu = 00:00:33 ; elapsed = 00:00:53 . Memory (MB): peak = 755.898 ; gain = 510.656
INFO: [Common 17-1381] The checkpoint 'C:/Users/Daniel/Documents/ProgH-Practica/PROGH2/Eindopdracht/EindOpdracht/EindOpdracht.runs/synth_1/MainGame.dcp' has been generated.
INFO: [runtcl-4] Executing : report_utilization -file MainGame_utilization_synth.rpt -pb MainGame_utilization_synth.pb
report_utilization: Time (s): cpu = 00:00:00 ; elapsed = 00:00:00.025 . Memory (MB): peak = 755.898 ; gain = 0.000
INFO: [Common 17-206] Exiting Vivado at Wed Mar 13 12:33:37 2019...
