20:10:55 INFO  : Registering command handlers for SDK TCF services
20:10:56 INFO  : Launching XSCT server: xsct.bat -interactive D:\FPGA\ProgH-Practicum\PROGH2\EindopdrachtMicroblaze\EindopdrachtMicroblaze.sdk\temp_xsdb_launch_script.tcl
20:11:01 INFO  : XSCT server has started successfully.
20:11:11 INFO  : Successfully done setting XSCT server connection channel  
20:11:11 INFO  : Processing command line option -hwspec D:/FPGA/ProgH-Practicum/PROGH2/EindopdrachtMicroblaze/EindopdrachtMicroblaze.sdk/NoteviewTop.hdf.
20:11:11 INFO  : Successfully done setting SDK workspace  
20:12:13 ERROR : Failed to call write_mss 
Reason: ERROR: [Common 17-176] Overwrite of existing file isn't enabled.  Please specify -force to overwrite file  [D:/FPGA/ProgH-Practicum/PROGH2/EindopdrachtMicroblaze/EindopdrachtMicroblaze.sdk/Notecontrol_bsp/system.mss]

20:12:16 ERROR : Failed to call write_mss 
Reason: ERROR: [Common 17-176] Overwrite of existing file isn't enabled.  Please specify -force to overwrite file  [D:/FPGA/ProgH-Practicum/PROGH2/EindopdrachtMicroblaze/EindopdrachtMicroblaze.sdk/Notecontrol_bsp/system.mss]

20:12:21 ERROR : Failed to call write_mss 
Reason: ERROR: [Common 17-176] Overwrite of existing file isn't enabled.  Please specify -force to overwrite file  [D:/FPGA/ProgH-Practicum/PROGH2/EindopdrachtMicroblaze/EindopdrachtMicroblaze.sdk/Notecontrol_bsp/system.mss]

20:14:04 ERROR : (XSDB Server)ERROR: [Hsi 61-13] No current software db available.

20:14:04 ERROR : Failed to call write_mss 
Reason: ERROR: [Common 17-39] 'hsi::write_mss' failed due to earlier errors.

20:14:06 ERROR : The Hardware Project referenced by this BSP (Notecontrol_bsp) was not found in this workspace. As a result, this BSP will not build properly. To fix this error, please import the associated hardware project or recreate a new BSP targeting an existing hardware platform.
20:14:20 ERROR : (XSDB Server)ERROR: [Hsi 61-13] No current software db available.

20:14:20 ERROR : Failed to call write_mss 
Reason: ERROR: [Common 17-39] 'hsi::write_mss' failed due to earlier errors.

20:14:51 ERROR : Unexpected error occurred during generating bsp sources
java.lang.reflect.InvocationTargetException
	at org.eclipse.jface.operation.ModalContext.run(ModalContext.java:398)
	at org.eclipse.jface.dialogs.ProgressMonitorDialog.run(ProgressMonitorDialog.java:481)
	at org.eclipse.ui.internal.progress.ProgressMonitorJobsDialog.run(ProgressMonitorJobsDialog.java:242)
	at org.eclipse.ui.internal.progress.ProgressManager$3.run(ProgressManager.java:895)
	at org.eclipse.swt.custom.BusyIndicator.showWhile(BusyIndicator.java:70)
	at org.eclipse.ui.internal.progress.ProgressManager.busyCursorWhile(ProgressManager.java:930)
	at org.eclipse.ui.internal.progress.ProgressManager.busyCursorWhile(ProgressManager.java:905)
	at org.eclipse.ui.internal.progress.ProgressManager.run(ProgressManager.java:1078)
	at com.xilinx.sdk.sw.ui.handlers.RegenBspSourcesHandler.execute(RegenBspSourcesHandler.java:124)
	at com.xilinx.sdk.sw.ui.handlers.RegenBspSourcesHandler.execute(RegenBspSourcesHandler.java:78)
	at org.eclipse.ui.internal.handlers.HandlerProxy.execute(HandlerProxy.java:295)
	at org.eclipse.ui.internal.handlers.E4HandlerProxy.execute(E4HandlerProxy.java:90)
	at sun.reflect.NativeMethodAccessorImpl.invoke0(Native Method)
	at sun.reflect.NativeMethodAccessorImpl.invoke(NativeMethodAccessorImpl.java:62)
	at sun.reflect.DelegatingMethodAccessorImpl.invoke(DelegatingMethodAccessorImpl.java:43)
	at java.lang.reflect.Method.invoke(Method.java:498)
	at org.eclipse.e4.core.internal.di.MethodRequestor.execute(MethodRequestor.java:55)
	at org.eclipse.e4.core.internal.di.InjectorImpl.invokeUsingClass(InjectorImpl.java:282)
	at org.eclipse.e4.core.internal.di.InjectorImpl.invoke(InjectorImpl.java:264)
	at org.eclipse.e4.core.contexts.ContextInjectionFactory.invoke(ContextInjectionFactory.java:132)
	at org.eclipse.e4.core.commands.internal.HandlerServiceHandler.execute(HandlerServiceHandler.java:152)
	at org.eclipse.core.commands.Command.executeWithChecks(Command.java:494)
	at org.eclipse.core.commands.ParameterizedCommand.executeWithChecks(ParameterizedCommand.java:488)
	at org.eclipse.e4.core.commands.internal.HandlerServiceImpl.executeHandler(HandlerServiceImpl.java:210)
	at org.eclipse.e4.ui.workbench.renderers.swt.HandledContributionItem.executeItem(HandledContributionItem.java:433)
	at org.eclipse.e4.ui.workbench.renderers.swt.AbstractContributionItem.handleWidgetSelection(AbstractContributionItem.java:454)
	at org.eclipse.e4.ui.workbench.renderers.swt.AbstractContributionItem$3.handleEvent(AbstractContributionItem.java:482)
	at org.eclipse.swt.widgets.EventTable.sendEvent(EventTable.java:84)
	at org.eclipse.swt.widgets.Display.sendEvent(Display.java:4410)
	at org.eclipse.swt.widgets.Widget.sendEvent(Widget.java:1079)
	at org.eclipse.swt.widgets.Display.runDeferredEvents(Display.java:4228)
	at org.eclipse.swt.widgets.Display.readAndDispatch(Display.java:3816)
	at org.eclipse.e4.ui.internal.workbench.swt.PartRenderingEngine$4.run(PartRenderingEngine.java:1121)
	at org.eclipse.core.databinding.observable.Realm.runWithDefault(Realm.java:336)
	at org.eclipse.e4.ui.internal.workbench.swt.PartRenderingEngine.run(PartRenderingEngine.java:1022)
	at org.eclipse.e4.ui.internal.workbench.E4Workbench.createAndRunUI(E4Workbench.java:150)
	at org.eclipse.ui.internal.Workbench$5.run(Workbench.java:687)
	at org.eclipse.core.databinding.observable.Realm.runWithDefault(Realm.java:336)
	at org.eclipse.ui.internal.Workbench.createAndRunWorkbench(Workbench.java:604)
	at org.eclipse.ui.PlatformUI.createAndRunWorkbench(PlatformUI.java:148)
	at org.eclipse.ui.internal.ide.application.IDEApplication.start(IDEApplication.java:138)
	at org.eclipse.equinox.internal.app.EclipseAppHandle.run(EclipseAppHandle.java:196)
	at org.eclipse.core.runtime.internal.adaptor.EclipseAppLauncher.runApplication(EclipseAppLauncher.java:134)
	at org.eclipse.core.runtime.internal.adaptor.EclipseAppLauncher.start(EclipseAppLauncher.java:104)
	at org.eclipse.core.runtime.adaptor.EclipseStarter.run(EclipseStarter.java:388)
	at org.eclipse.core.runtime.adaptor.EclipseStarter.run(EclipseStarter.java:243)
	at sun.reflect.NativeMethodAccessorImpl.invoke0(Native Method)
	at sun.reflect.NativeMethodAccessorImpl.invoke(NativeMethodAccessorImpl.java:62)
	at sun.reflect.DelegatingMethodAccessorImpl.invoke(DelegatingMethodAccessorImpl.java:43)
	at java.lang.reflect.Method.invoke(Method.java:498)
	at org.eclipse.equinox.launcher.Main.invokeFramework(Main.java:673)
	at org.eclipse.equinox.launcher.Main.basicRun(Main.java:610)
	at org.eclipse.equinox.launcher.Main.run(Main.java:1519)
Caused by: java.lang.NullPointerException
	at com.xilinx.sdk.sw.ui.handlers.RegenBspSourcesHandler$1.run(RegenBspSourcesHandler.java:135)
	at org.eclipse.jface.operation.ModalContext$ModalContextThread.run(ModalContext.java:119)
20:15:27 INFO  : Launching XSCT server: xsct.bat -interactive D:\FPGA\ProgH-Practicum\PROGH2\EindopdrachtMicroblaze\EindopdrachtMicroblaze.sdk\temp_xsdb_launch_script.tcl
20:15:29 INFO  : XSCT server has started successfully.
20:15:29 INFO  : Successfully done setting XSCT server connection channel  
20:15:31 INFO  : Successfully done setting SDK workspace  
20:15:32 INFO  : Registering command handlers for SDK TCF services
20:15:33 INFO  : Processing command line option -hwspec D:/FPGA/ProgH-Practicum/PROGH2/EindopdrachtMicroblaze/EindopdrachtMicroblaze.sdk/NoteviewTop.hdf.
20:15:33 INFO  : Checking for hwspec changes in the project NoteviewTop_hw_platform_0.
20:16:49 INFO  : Launching XSCT server: xsct.bat -interactive D:\FPGA\ProgH-Practicum\PROGH2\EindopdrachtMicroblaze\EindopdrachtMicroblaze.sdk\temp_xsdb_launch_script.tcl
20:16:51 INFO  : XSCT server has started successfully.
20:16:51 INFO  : Successfully done setting XSCT server connection channel  
20:16:52 INFO  : Successfully done setting SDK workspace  
20:16:54 INFO  : Registering command handlers for SDK TCF services
20:16:55 INFO  : Processing command line option -hwspec D:/FPGA/ProgH-Practicum/PROGH2/EindopdrachtMicroblaze/EindopdrachtMicroblaze.sdk/NoteviewTop.hdf.
20:16:55 INFO  : Checking for hwspec changes in the project NoteviewTop_hw_platform_0.
20:17:38 INFO  : Registering command handlers for SDK TCF services
20:17:38 INFO  : Launching XSCT server: xsct.bat -interactive D:\FPGA\ProgH-Practicum\PROGH2\EindopdrachtMicroblaze\EindopdrachtMicroblaze.sdk\temp_xsdb_launch_script.tcl
20:17:40 INFO  : XSCT server has started successfully.
20:17:41 INFO  : Processing command line option -hwspec D:/FPGA/ProgH-Practicum/PROGH2/EindopdrachtMicroblaze/EindopdrachtMicroblaze.sdk/NoteviewTop.hdf.
20:17:41 INFO  : Successfully done setting XSCT server connection channel  
20:17:41 INFO  : Successfully done setting SDK workspace  
20:24:11 INFO  : Connected to target on host '127.0.0.1' and port '3121'.
20:24:12 INFO  : 'targets -set -filter {jtag_cable_name =~ "Digilent Basys3 210183A37A9AA" && level==0} -index 0' command is executed.
20:24:13 INFO  : FPGA configured successfully with bitstream "D:/FPGA/ProgH-Practicum/PROGH2/EindopdrachtMicroblaze/EindopdrachtMicroblaze.sdk/NoteviewTop_hw_platform_0/download.bit"
20:24:23 INFO  : 'targets -set -filter {jtag_cable_name =~ "Digilent Basys3 210183A37A9AA" && level==0} -index 0' command is executed.
20:24:23 INFO  : 'fpga -state' command is executed.
20:24:23 INFO  : Connected to target on host '127.0.0.1' and port '3121'.
20:24:24 INFO  : Jtag cable 'Digilent Basys3 210183A37A9AA' is selected.
20:24:24 INFO  : 'jtag frequency' command is executed.
20:24:24 INFO  : Context for processor 'microblaze_0' is selected.
20:24:24 INFO  : Processor reset is completed for 'microblaze_0'.
20:24:24 INFO  : Context for processor 'microblaze_0' is selected.
20:24:24 INFO  : The application 'D:/FPGA/ProgH-Practicum/PROGH2/EindopdrachtMicroblaze/EindopdrachtMicroblaze.sdk/NoteControl/Debug/NoteControl.elf' is downloaded to processor 'microblaze_0'.
20:24:24 INFO  : ----------------XSDB Script----------------
connect -url tcp:127.0.0.1:3121
targets -set -nocase -filter {name =~ "microblaze*#0" && bscan=="USER2"  && jtag_cable_name =~ "Digilent Basys3 210183A37A9AA"} -index 0
rst -processor
targets -set -nocase -filter {name =~ "microblaze*#0" && bscan=="USER2"  && jtag_cable_name =~ "Digilent Basys3 210183A37A9AA"} -index 0
dow D:/FPGA/ProgH-Practicum/PROGH2/EindopdrachtMicroblaze/EindopdrachtMicroblaze.sdk/NoteControl/Debug/NoteControl.elf
----------------End of Script----------------

20:24:24 INFO  : Memory regions updated for context MicroBlaze #0
20:24:24 INFO  : Memory regions updated for context MicroBlaze #0
20:24:24 INFO  : Context for processor 'microblaze_0' is selected.
20:24:24 INFO  : 'con' command is executed.
20:24:24 INFO  : ----------------XSDB Script (After Launch)----------------
targets -set -nocase -filter {name =~ "microblaze*#0" && bscan=="USER2"  && jtag_cable_name =~ "Digilent Basys3 210183A37A9AA"} -index 0
con
----------------End of Script----------------

20:24:24 INFO  : Launch script is exported to file 'D:\FPGA\ProgH-Practicum\PROGH2\EindopdrachtMicroblaze\EindopdrachtMicroblaze.sdk\.sdk\launch_scripts\xilinx_c-c++_application_(system_debugger)\system_debugger_using_debug_notecontrol.elf_on_local.tcl'
20:25:56 INFO  : Disconnected from the channel tcfchan#1.
20:25:57 INFO  : 'targets -set -filter {jtag_cable_name =~ "Digilent Basys3 210183A37A9AA" && level==0} -index 0' command is executed.
20:25:57 INFO  : 'fpga -state' command is executed.
20:25:57 INFO  : Connected to target on host '127.0.0.1' and port '3121'.
20:25:57 INFO  : Jtag cable 'Digilent Basys3 210183A37A9AA' is selected.
20:25:57 INFO  : 'jtag frequency' command is executed.
20:25:57 INFO  : Context for processor 'microblaze_0' is selected.
20:25:57 INFO  : Processor reset is completed for 'microblaze_0'.
20:25:57 INFO  : Context for processor 'microblaze_0' is selected.
20:25:58 INFO  : The application 'D:/FPGA/ProgH-Practicum/PROGH2/EindopdrachtMicroblaze/EindopdrachtMicroblaze.sdk/NoteControl/Debug/NoteControl.elf' is downloaded to processor 'microblaze_0'.
20:25:58 INFO  : ----------------XSDB Script----------------
connect -url tcp:127.0.0.1:3121
targets -set -nocase -filter {name =~ "microblaze*#0" && bscan=="USER2"  && jtag_cable_name =~ "Digilent Basys3 210183A37A9AA"} -index 0
rst -processor
targets -set -nocase -filter {name =~ "microblaze*#0" && bscan=="USER2"  && jtag_cable_name =~ "Digilent Basys3 210183A37A9AA"} -index 0
dow D:/FPGA/ProgH-Practicum/PROGH2/EindopdrachtMicroblaze/EindopdrachtMicroblaze.sdk/NoteControl/Debug/NoteControl.elf
----------------End of Script----------------

20:25:58 INFO  : Memory regions updated for context MicroBlaze #0
20:25:58 INFO  : Memory regions updated for context MicroBlaze #0
20:25:58 INFO  : Context for processor 'microblaze_0' is selected.
20:25:58 INFO  : 'con' command is executed.
20:25:58 INFO  : ----------------XSDB Script (After Launch)----------------
targets -set -nocase -filter {name =~ "microblaze*#0" && bscan=="USER2"  && jtag_cable_name =~ "Digilent Basys3 210183A37A9AA"} -index 0
con
----------------End of Script----------------

20:25:58 INFO  : Launch script is exported to file 'D:\FPGA\ProgH-Practicum\PROGH2\EindopdrachtMicroblaze\EindopdrachtMicroblaze.sdk\.sdk\launch_scripts\xilinx_c-c++_application_(system_debugger)\system_debugger_using_debug_notecontrol.elf_on_local.tcl'
20:49:26 INFO  : SDK has detected change in the last modified timestamps for source hardware specification file Source:1552852086818,  Project:1552849641465
20:49:26 INFO  : Project NoteviewTop_hw_platform_0's source hardware specification located at D:/FPGA/ProgH-Practicum/PROGH2/EindopdrachtMicroblaze/EindopdrachtMicroblaze.sdk/NoteviewTop.hdf is now different from the local copy.
		 The local copy will be replaced with the source specification and your workspace will be updated.
20:49:36 INFO  : Copied contents of D:/FPGA/ProgH-Practicum/PROGH2/EindopdrachtMicroblaze/EindopdrachtMicroblaze.sdk/NoteviewTop.hdf into \NoteviewTop_hw_platform_0\system.hdf.
20:49:36 INFO  : Synchronizing projects in the workspace with the hardware platform specification changes.
20:49:43 INFO  : 
20:49:44 INFO  : Updating hardware inferred compiler options for NoteControl.
20:49:44 INFO  : Clearing existing target manager status.
20:49:45 WARN  : Given IPC port value is invalid. Using default port 2350
20:49:45 WARN  : Given XMD timeout value is invalid. Using default value of 50000
20:49:49 WARN  : Given XMD transaction timeout value is invalid. Using default value of 60000 milli seconds
20:49:49 INFO  : Closing and re-opening the MSS file of ther project NoteControl_bsp
20:49:49 INFO  : Workspace synchronized with the new hardware specification file. Cleaning dependent projects...
20:49:51 WARN  : Linker script will not be updated automatically. Users need to update it manually.
20:50:41 INFO  : Connected to target on host '127.0.0.1' and port '3121'.
20:50:41 INFO  : 'targets -set -filter {jtag_cable_name =~ "Digilent Basys3 210183A37A9AA" && level==0} -index 0' command is executed.
20:50:43 INFO  : FPGA configured successfully with bitstream "D:/FPGA/ProgH-Practicum/PROGH2/EindopdrachtMicroblaze/EindopdrachtMicroblaze.sdk/NoteviewTop_hw_platform_0/download.bit"
21:43:34 INFO  : SDK has detected change in the last modified timestamps for source hardware specification file Source:1552855316805,  Project:1552852086818
21:43:34 INFO  : Project NoteviewTop_hw_platform_0's source hardware specification located at D:/FPGA/ProgH-Practicum/PROGH2/EindopdrachtMicroblaze/EindopdrachtMicroblaze.sdk/NoteviewTop.hdf is now different from the local copy.
		 The local copy will be replaced with the source specification and your workspace will be updated.
21:43:38 INFO  : Copied contents of D:/FPGA/ProgH-Practicum/PROGH2/EindopdrachtMicroblaze/EindopdrachtMicroblaze.sdk/NoteviewTop.hdf into \NoteviewTop_hw_platform_0\system.hdf.
21:43:39 INFO  : Synchronizing projects in the workspace with the hardware platform specification changes.
21:43:45 INFO  : 
21:43:46 INFO  : Updating hardware inferred compiler options for NoteControl.
21:43:46 INFO  : Clearing existing target manager status.
21:43:46 INFO  : Closing and re-opening the MSS file of ther project NoteControl_bsp
21:43:47 INFO  : Workspace synchronized with the new hardware specification file. Cleaning dependent projects...
21:43:48 WARN  : Linker script will not be updated automatically. Users need to update it manually.
21:44:39 INFO  : Connected to target on host '127.0.0.1' and port '3121'.
21:44:39 INFO  : 'targets -set -filter {jtag_cable_name =~ "Digilent Basys3 210183A37A9AA" && level==0} -index 0' command is executed.
21:44:41 INFO  : FPGA configured successfully with bitstream "D:/FPGA/ProgH-Practicum/PROGH2/EindopdrachtMicroblaze/EindopdrachtMicroblaze.sdk/NoteviewTop_hw_platform_0/download.bit"
21:45:10 INFO  : Disconnected from the channel tcfchan#2.
21:45:11 INFO  : 'targets -set -filter {jtag_cable_name =~ "Digilent Basys3 210183A37A9AA" && level==0} -index 0' command is executed.
21:45:11 INFO  : 'fpga -state' command is executed.
21:45:11 INFO  : Connected to target on host '127.0.0.1' and port '3121'.
21:45:11 INFO  : Jtag cable 'Digilent Basys3 210183A37A9AA' is selected.
21:45:11 INFO  : 'jtag frequency' command is executed.
21:45:11 INFO  : Context for processor 'microblaze_0' is selected.
21:45:11 INFO  : Processor reset is completed for 'microblaze_0'.
21:45:11 INFO  : Context for processor 'microblaze_0' is selected.
21:45:11 INFO  : The application 'D:/FPGA/ProgH-Practicum/PROGH2/EindopdrachtMicroblaze/EindopdrachtMicroblaze.sdk/NoteControl/Debug/NoteControl.elf' is downloaded to processor 'microblaze_0'.
21:45:11 INFO  : ----------------XSDB Script----------------
connect -url tcp:127.0.0.1:3121
targets -set -nocase -filter {name =~ "microblaze*#0" && bscan=="USER2"  && jtag_cable_name =~ "Digilent Basys3 210183A37A9AA"} -index 0
rst -processor
targets -set -nocase -filter {name =~ "microblaze*#0" && bscan=="USER2"  && jtag_cable_name =~ "Digilent Basys3 210183A37A9AA"} -index 0
dow D:/FPGA/ProgH-Practicum/PROGH2/EindopdrachtMicroblaze/EindopdrachtMicroblaze.sdk/NoteControl/Debug/NoteControl.elf
----------------End of Script----------------

21:45:11 INFO  : Memory regions updated for context MicroBlaze #0
21:45:11 INFO  : Memory regions updated for context MicroBlaze #0
21:45:12 INFO  : Context for processor 'microblaze_0' is selected.
21:45:12 INFO  : 'con' command is executed.
21:45:12 INFO  : ----------------XSDB Script (After Launch)----------------
targets -set -nocase -filter {name =~ "microblaze*#0" && bscan=="USER2"  && jtag_cable_name =~ "Digilent Basys3 210183A37A9AA"} -index 0
con
----------------End of Script----------------

21:45:12 INFO  : Launch script is exported to file 'D:\FPGA\ProgH-Practicum\PROGH2\EindopdrachtMicroblaze\EindopdrachtMicroblaze.sdk\.sdk\launch_scripts\xilinx_c-c++_application_(system_debugger)\system_debugger_using_debug_notecontrol.elf_on_local.tcl'
21:48:11 INFO  : Disconnected from the channel tcfchan#3.
21:48:12 INFO  : 'targets -set -filter {jtag_cable_name =~ "Digilent Basys3 210183A37A9AA" && level==0} -index 0' command is executed.
21:48:12 INFO  : 'fpga -state' command is executed.
21:48:12 INFO  : Connected to target on host '127.0.0.1' and port '3121'.
21:48:12 INFO  : Jtag cable 'Digilent Basys3 210183A37A9AA' is selected.
21:48:12 INFO  : 'jtag frequency' command is executed.
21:48:12 INFO  : Context for processor 'microblaze_0' is selected.
21:48:12 INFO  : Processor reset is completed for 'microblaze_0'.
21:48:12 INFO  : Context for processor 'microblaze_0' is selected.
21:48:12 INFO  : The application 'D:/FPGA/ProgH-Practicum/PROGH2/EindopdrachtMicroblaze/EindopdrachtMicroblaze.sdk/NoteControl/Debug/NoteControl.elf' is downloaded to processor 'microblaze_0'.
21:48:12 INFO  : ----------------XSDB Script----------------
connect -url tcp:127.0.0.1:3121
targets -set -nocase -filter {name =~ "microblaze*#0" && bscan=="USER2"  && jtag_cable_name =~ "Digilent Basys3 210183A37A9AA"} -index 0
rst -processor
targets -set -nocase -filter {name =~ "microblaze*#0" && bscan=="USER2"  && jtag_cable_name =~ "Digilent Basys3 210183A37A9AA"} -index 0
dow D:/FPGA/ProgH-Practicum/PROGH2/EindopdrachtMicroblaze/EindopdrachtMicroblaze.sdk/NoteControl/Debug/NoteControl.elf
----------------End of Script----------------

21:48:12 INFO  : Memory regions updated for context MicroBlaze #0
21:48:12 INFO  : Memory regions updated for context MicroBlaze #0
21:48:12 INFO  : Context for processor 'microblaze_0' is selected.
21:48:12 INFO  : 'con' command is executed.
21:48:12 INFO  : ----------------XSDB Script (After Launch)----------------
targets -set -nocase -filter {name =~ "microblaze*#0" && bscan=="USER2"  && jtag_cable_name =~ "Digilent Basys3 210183A37A9AA"} -index 0
con
----------------End of Script----------------

21:48:12 INFO  : Launch script is exported to file 'D:\FPGA\ProgH-Practicum\PROGH2\EindopdrachtMicroblaze\EindopdrachtMicroblaze.sdk\.sdk\launch_scripts\xilinx_c-c++_application_(system_debugger)\system_debugger_using_debug_notecontrol.elf_on_local.tcl'
22:02:11 INFO  : SDK has detected change in the last modified timestamps for source hardware specification file Source:1552856487032,  Project:1552855316805
22:02:11 INFO  : Project NoteviewTop_hw_platform_0's source hardware specification located at D:/FPGA/ProgH-Practicum/PROGH2/EindopdrachtMicroblaze/EindopdrachtMicroblaze.sdk/NoteviewTop.hdf is now different from the local copy.
		 The local copy will be replaced with the source specification and your workspace will be updated.
22:02:53 INFO  : Copied contents of D:/FPGA/ProgH-Practicum/PROGH2/EindopdrachtMicroblaze/EindopdrachtMicroblaze.sdk/NoteviewTop.hdf into \NoteviewTop_hw_platform_0\system.hdf.
22:02:54 INFO  : Synchronizing projects in the workspace with the hardware platform specification changes.
22:03:01 INFO  : 
22:03:02 INFO  : Updating hardware inferred compiler options for NoteControl.
22:03:02 INFO  : Clearing existing target manager status.
22:03:02 INFO  : Closing and re-opening the MSS file of ther project NoteControl_bsp
22:03:03 INFO  : Workspace synchronized with the new hardware specification file. Cleaning dependent projects...
22:03:04 WARN  : Linker script will not be updated automatically. Users need to update it manually.
22:03:54 INFO  : Connected to target on host '127.0.0.1' and port '3121'.
22:03:54 INFO  : 'targets -set -filter {jtag_cable_name =~ "Digilent Basys3 210183A37A9AA" && level==0} -index 0' command is executed.
22:03:55 INFO  : FPGA configured successfully with bitstream "D:/FPGA/ProgH-Practicum/PROGH2/EindopdrachtMicroblaze/EindopdrachtMicroblaze.sdk/NoteviewTop_hw_platform_0/download.bit"
22:04:11 INFO  : Disconnected from the channel tcfchan#4.
22:04:13 INFO  : 'targets -set -filter {jtag_cable_name =~ "Digilent Basys3 210183A37A9AA" && level==0} -index 0' command is executed.
22:04:13 INFO  : 'fpga -state' command is executed.
22:04:13 INFO  : Connected to target on host '127.0.0.1' and port '3121'.
22:04:13 INFO  : Jtag cable 'Digilent Basys3 210183A37A9AA' is selected.
22:04:13 INFO  : 'jtag frequency' command is executed.
22:04:13 INFO  : Context for processor 'microblaze_0' is selected.
22:04:13 INFO  : Processor reset is completed for 'microblaze_0'.
22:04:13 INFO  : Context for processor 'microblaze_0' is selected.
22:04:13 INFO  : The application 'D:/FPGA/ProgH-Practicum/PROGH2/EindopdrachtMicroblaze/EindopdrachtMicroblaze.sdk/NoteControl/Debug/NoteControl.elf' is downloaded to processor 'microblaze_0'.
22:04:13 INFO  : ----------------XSDB Script----------------
connect -url tcp:127.0.0.1:3121
targets -set -nocase -filter {name =~ "microblaze*#0" && bscan=="USER2"  && jtag_cable_name =~ "Digilent Basys3 210183A37A9AA"} -index 0
rst -processor
targets -set -nocase -filter {name =~ "microblaze*#0" && bscan=="USER2"  && jtag_cable_name =~ "Digilent Basys3 210183A37A9AA"} -index 0
dow D:/FPGA/ProgH-Practicum/PROGH2/EindopdrachtMicroblaze/EindopdrachtMicroblaze.sdk/NoteControl/Debug/NoteControl.elf
----------------End of Script----------------

22:04:13 INFO  : Memory regions updated for context MicroBlaze #0
22:04:13 INFO  : Memory regions updated for context MicroBlaze #0
22:04:13 INFO  : Context for processor 'microblaze_0' is selected.
22:04:13 INFO  : 'con' command is executed.
22:04:13 INFO  : ----------------XSDB Script (After Launch)----------------
targets -set -nocase -filter {name =~ "microblaze*#0" && bscan=="USER2"  && jtag_cable_name =~ "Digilent Basys3 210183A37A9AA"} -index 0
con
----------------End of Script----------------

22:04:13 INFO  : Launch script is exported to file 'D:\FPGA\ProgH-Practicum\PROGH2\EindopdrachtMicroblaze\EindopdrachtMicroblaze.sdk\.sdk\launch_scripts\xilinx_c-c++_application_(system_debugger)\system_debugger_using_debug_notecontrol.elf_on_local.tcl'
22:25:47 INFO  : SDK has detected change in the last modified timestamps for source hardware specification file Source:1552857832139,  Project:1552856487032
22:25:47 INFO  : Project NoteviewTop_hw_platform_0's source hardware specification located at D:/FPGA/ProgH-Practicum/PROGH2/EindopdrachtMicroblaze/EindopdrachtMicroblaze.sdk/NoteviewTop.hdf is now different from the local copy.
		 The local copy will be replaced with the source specification and your workspace will be updated.
22:25:48 INFO  : Copied contents of D:/FPGA/ProgH-Practicum/PROGH2/EindopdrachtMicroblaze/EindopdrachtMicroblaze.sdk/NoteviewTop.hdf into \NoteviewTop_hw_platform_0\system.hdf.
22:25:49 INFO  : Synchronizing projects in the workspace with the hardware platform specification changes.
22:25:55 INFO  : 
22:25:56 INFO  : Updating hardware inferred compiler options for NoteControl.
22:25:56 INFO  : Clearing existing target manager status.
22:25:56 INFO  : Closing and re-opening the MSS file of ther project NoteControl_bsp
22:25:57 INFO  : Workspace synchronized with the new hardware specification file. Cleaning dependent projects...
22:25:58 WARN  : Linker script will not be updated automatically. Users need to update it manually.
22:26:31 INFO  : Connected to target on host '127.0.0.1' and port '3121'.
22:26:31 INFO  : 'targets -set -filter {jtag_cable_name =~ "Digilent Basys3 210183A37A9AA" && level==0} -index 0' command is executed.
22:26:32 INFO  : FPGA configured successfully with bitstream "D:/FPGA/ProgH-Practicum/PROGH2/EindopdrachtMicroblaze/EindopdrachtMicroblaze.sdk/NoteviewTop_hw_platform_0/download.bit"
22:26:44 INFO  : Disconnected from the channel tcfchan#5.
22:26:45 INFO  : 'targets -set -filter {jtag_cable_name =~ "Digilent Basys3 210183A37A9AA" && level==0} -index 0' command is executed.
22:26:45 INFO  : 'fpga -state' command is executed.
22:26:45 INFO  : Connected to target on host '127.0.0.1' and port '3121'.
22:26:45 INFO  : Jtag cable 'Digilent Basys3 210183A37A9AA' is selected.
22:26:45 INFO  : 'jtag frequency' command is executed.
22:26:45 INFO  : Context for processor 'microblaze_0' is selected.
22:26:45 INFO  : Processor reset is completed for 'microblaze_0'.
22:26:45 INFO  : Context for processor 'microblaze_0' is selected.
22:26:45 INFO  : The application 'D:/FPGA/ProgH-Practicum/PROGH2/EindopdrachtMicroblaze/EindopdrachtMicroblaze.sdk/NoteControl/Debug/NoteControl.elf' is downloaded to processor 'microblaze_0'.
22:26:45 INFO  : ----------------XSDB Script----------------
connect -url tcp:127.0.0.1:3121
targets -set -nocase -filter {name =~ "microblaze*#0" && bscan=="USER2"  && jtag_cable_name =~ "Digilent Basys3 210183A37A9AA"} -index 0
rst -processor
targets -set -nocase -filter {name =~ "microblaze*#0" && bscan=="USER2"  && jtag_cable_name =~ "Digilent Basys3 210183A37A9AA"} -index 0
dow D:/FPGA/ProgH-Practicum/PROGH2/EindopdrachtMicroblaze/EindopdrachtMicroblaze.sdk/NoteControl/Debug/NoteControl.elf
----------------End of Script----------------

22:26:46 INFO  : Memory regions updated for context MicroBlaze #0
22:26:46 INFO  : Memory regions updated for context MicroBlaze #0
22:26:46 INFO  : Context for processor 'microblaze_0' is selected.
22:26:46 INFO  : 'con' command is executed.
22:26:46 INFO  : ----------------XSDB Script (After Launch)----------------
targets -set -nocase -filter {name =~ "microblaze*#0" && bscan=="USER2"  && jtag_cable_name =~ "Digilent Basys3 210183A37A9AA"} -index 0
con
----------------End of Script----------------

22:26:46 INFO  : Launch script is exported to file 'D:\FPGA\ProgH-Practicum\PROGH2\EindopdrachtMicroblaze\EindopdrachtMicroblaze.sdk\.sdk\launch_scripts\xilinx_c-c++_application_(system_debugger)\system_debugger_using_debug_notecontrol.elf_on_local.tcl'
22:41:38 INFO  : SDK has detected change in the last modified timestamps for source hardware specification file Source:1552858884090,  Project:1552857832139
22:41:38 INFO  : Project NoteviewTop_hw_platform_0's source hardware specification located at D:/FPGA/ProgH-Practicum/PROGH2/EindopdrachtMicroblaze/EindopdrachtMicroblaze.sdk/NoteviewTop.hdf is now different from the local copy.
		 The local copy will be replaced with the source specification and your workspace will be updated.
22:41:43 INFO  : Copied contents of D:/FPGA/ProgH-Practicum/PROGH2/EindopdrachtMicroblaze/EindopdrachtMicroblaze.sdk/NoteviewTop.hdf into \NoteviewTop_hw_platform_0\system.hdf.
22:41:43 INFO  : Synchronizing projects in the workspace with the hardware platform specification changes.
22:41:45 INFO  : 
22:41:46 INFO  : Updating hardware inferred compiler options for NoteControl.
22:41:46 INFO  : Clearing existing target manager status.
22:41:46 INFO  : Closing and re-opening the MSS file of ther project NoteControl_bsp
22:41:47 INFO  : Workspace synchronized with the new hardware specification file. Cleaning dependent projects...
22:41:48 WARN  : Linker script will not be updated automatically. Users need to update it manually.
22:42:26 INFO  : Connected to target on host '127.0.0.1' and port '3121'.
22:42:27 INFO  : 'targets -set -filter {jtag_cable_name =~ "Digilent Basys3 210183A37A9AA" && level==0} -index 0' command is executed.
22:42:28 INFO  : FPGA configured successfully with bitstream "D:/FPGA/ProgH-Practicum/PROGH2/EindopdrachtMicroblaze/EindopdrachtMicroblaze.sdk/NoteviewTop_hw_platform_0/download.bit"
22:43:21 INFO  : Disconnected from the channel tcfchan#6.
22:43:22 INFO  : 'targets -set -filter {jtag_cable_name =~ "Digilent Basys3 210183A37A9AA" && level==0} -index 0' command is executed.
22:43:22 INFO  : 'fpga -state' command is executed.
22:43:22 INFO  : Connected to target on host '127.0.0.1' and port '3121'.
22:43:22 INFO  : Jtag cable 'Digilent Basys3 210183A37A9AA' is selected.
22:43:22 INFO  : 'jtag frequency' command is executed.
22:43:22 INFO  : Context for processor 'microblaze_0' is selected.
22:43:22 INFO  : Processor reset is completed for 'microblaze_0'.
22:43:22 INFO  : Context for processor 'microblaze_0' is selected.
22:43:22 INFO  : The application 'D:/FPGA/ProgH-Practicum/PROGH2/EindopdrachtMicroblaze/EindopdrachtMicroblaze.sdk/NoteControl/Debug/NoteControl.elf' is downloaded to processor 'microblaze_0'.
22:43:22 INFO  : ----------------XSDB Script----------------
connect -url tcp:127.0.0.1:3121
targets -set -nocase -filter {name =~ "microblaze*#0" && bscan=="USER2"  && jtag_cable_name =~ "Digilent Basys3 210183A37A9AA"} -index 0
rst -processor
targets -set -nocase -filter {name =~ "microblaze*#0" && bscan=="USER2"  && jtag_cable_name =~ "Digilent Basys3 210183A37A9AA"} -index 0
dow D:/FPGA/ProgH-Practicum/PROGH2/EindopdrachtMicroblaze/EindopdrachtMicroblaze.sdk/NoteControl/Debug/NoteControl.elf
----------------End of Script----------------

22:43:23 INFO  : Memory regions updated for context MicroBlaze #0
22:43:23 INFO  : Memory regions updated for context MicroBlaze #0
22:43:23 INFO  : Context for processor 'microblaze_0' is selected.
22:43:23 INFO  : 'con' command is executed.
22:43:23 INFO  : ----------------XSDB Script (After Launch)----------------
targets -set -nocase -filter {name =~ "microblaze*#0" && bscan=="USER2"  && jtag_cable_name =~ "Digilent Basys3 210183A37A9AA"} -index 0
con
----------------End of Script----------------

22:43:23 INFO  : Launch script is exported to file 'D:\FPGA\ProgH-Practicum\PROGH2\EindopdrachtMicroblaze\EindopdrachtMicroblaze.sdk\.sdk\launch_scripts\xilinx_c-c++_application_(system_debugger)\system_debugger_using_debug_notecontrol.elf_on_local.tcl'
22:44:11 INFO  : Disconnected from the channel tcfchan#7.
22:44:12 INFO  : 'targets -set -filter {jtag_cable_name =~ "Digilent Basys3 210183A37A9AA" && level==0} -index 0' command is executed.
22:44:12 INFO  : 'fpga -state' command is executed.
22:44:12 INFO  : Connected to target on host '127.0.0.1' and port '3121'.
22:44:12 INFO  : Jtag cable 'Digilent Basys3 210183A37A9AA' is selected.
22:44:12 INFO  : 'jtag frequency' command is executed.
22:44:12 INFO  : Context for processor 'microblaze_0' is selected.
22:44:12 INFO  : Processor reset is completed for 'microblaze_0'.
22:44:12 INFO  : Context for processor 'microblaze_0' is selected.
22:44:12 INFO  : The application 'D:/FPGA/ProgH-Practicum/PROGH2/EindopdrachtMicroblaze/EindopdrachtMicroblaze.sdk/NoteControl/Debug/NoteControl.elf' is downloaded to processor 'microblaze_0'.
22:44:12 INFO  : ----------------XSDB Script----------------
connect -url tcp:127.0.0.1:3121
targets -set -nocase -filter {name =~ "microblaze*#0" && bscan=="USER2"  && jtag_cable_name =~ "Digilent Basys3 210183A37A9AA"} -index 0
rst -processor
targets -set -nocase -filter {name =~ "microblaze*#0" && bscan=="USER2"  && jtag_cable_name =~ "Digilent Basys3 210183A37A9AA"} -index 0
dow D:/FPGA/ProgH-Practicum/PROGH2/EindopdrachtMicroblaze/EindopdrachtMicroblaze.sdk/NoteControl/Debug/NoteControl.elf
----------------End of Script----------------

22:44:12 INFO  : Memory regions updated for context MicroBlaze #0
22:44:12 INFO  : Memory regions updated for context MicroBlaze #0
22:44:13 INFO  : Context for processor 'microblaze_0' is selected.
22:44:13 INFO  : 'con' command is executed.
22:44:13 INFO  : ----------------XSDB Script (After Launch)----------------
targets -set -nocase -filter {name =~ "microblaze*#0" && bscan=="USER2"  && jtag_cable_name =~ "Digilent Basys3 210183A37A9AA"} -index 0
con
----------------End of Script----------------

22:44:13 INFO  : Launch script is exported to file 'D:\FPGA\ProgH-Practicum\PROGH2\EindopdrachtMicroblaze\EindopdrachtMicroblaze.sdk\.sdk\launch_scripts\xilinx_c-c++_application_(system_debugger)\system_debugger_using_debug_notecontrol.elf_on_local.tcl'
22:45:30 INFO  : Disconnected from the channel tcfchan#8.
22:45:31 INFO  : 'targets -set -filter {jtag_cable_name =~ "Digilent Basys3 210183A37A9AA" && level==0} -index 0' command is executed.
22:45:31 INFO  : 'fpga -state' command is executed.
22:45:31 INFO  : Connected to target on host '127.0.0.1' and port '3121'.
22:45:31 INFO  : Jtag cable 'Digilent Basys3 210183A37A9AA' is selected.
22:45:31 INFO  : 'jtag frequency' command is executed.
22:45:31 INFO  : Context for processor 'microblaze_0' is selected.
22:45:31 INFO  : Processor reset is completed for 'microblaze_0'.
22:45:31 INFO  : Context for processor 'microblaze_0' is selected.
22:45:31 INFO  : The application 'D:/FPGA/ProgH-Practicum/PROGH2/EindopdrachtMicroblaze/EindopdrachtMicroblaze.sdk/NoteControl/Debug/NoteControl.elf' is downloaded to processor 'microblaze_0'.
22:45:31 INFO  : ----------------XSDB Script----------------
connect -url tcp:127.0.0.1:3121
targets -set -nocase -filter {name =~ "microblaze*#0" && bscan=="USER2"  && jtag_cable_name =~ "Digilent Basys3 210183A37A9AA"} -index 0
rst -processor
targets -set -nocase -filter {name =~ "microblaze*#0" && bscan=="USER2"  && jtag_cable_name =~ "Digilent Basys3 210183A37A9AA"} -index 0
dow D:/FPGA/ProgH-Practicum/PROGH2/EindopdrachtMicroblaze/EindopdrachtMicroblaze.sdk/NoteControl/Debug/NoteControl.elf
----------------End of Script----------------

22:45:31 INFO  : Memory regions updated for context MicroBlaze #0
22:45:31 INFO  : Memory regions updated for context MicroBlaze #0
22:45:31 INFO  : Context for processor 'microblaze_0' is selected.
22:45:31 INFO  : 'con' command is executed.
22:45:31 INFO  : ----------------XSDB Script (After Launch)----------------
targets -set -nocase -filter {name =~ "microblaze*#0" && bscan=="USER2"  && jtag_cable_name =~ "Digilent Basys3 210183A37A9AA"} -index 0
con
----------------End of Script----------------

22:45:31 INFO  : Launch script is exported to file 'D:\FPGA\ProgH-Practicum\PROGH2\EindopdrachtMicroblaze\EindopdrachtMicroblaze.sdk\.sdk\launch_scripts\xilinx_c-c++_application_(system_debugger)\system_debugger_using_debug_notecontrol.elf_on_local.tcl'
09:24:35 INFO  : SDK has detected change in the last modified timestamps for source hardware specification file Source:1552897422639,  Project:1552858884090
09:24:35 INFO  : Project NoteviewTop_hw_platform_0's source hardware specification located at D:/FPGA/ProgH-Practicum/PROGH2/EindopdrachtMicroblaze/EindopdrachtMicroblaze.sdk/NoteviewTop.hdf is now different from the local copy.
		 The local copy will be replaced with the source specification and your workspace will be updated.
09:24:39 INFO  : Copied contents of D:/FPGA/ProgH-Practicum/PROGH2/EindopdrachtMicroblaze/EindopdrachtMicroblaze.sdk/NoteviewTop.hdf into \NoteviewTop_hw_platform_0\system.hdf.
09:24:40 INFO  : Synchronizing projects in the workspace with the hardware platform specification changes.
09:24:51 INFO  : 
09:24:53 INFO  : Updating hardware inferred compiler options for NoteControl.
09:24:53 INFO  : Clearing existing target manager status.
09:24:53 INFO  : Closing and re-opening the MSS file of ther project NoteControl_bsp
09:24:53 INFO  : Workspace synchronized with the new hardware specification file. Cleaning dependent projects...
09:24:55 WARN  : Linker script will not be updated automatically. Users need to update it manually.
09:25:15 INFO  : Connected to target on host '127.0.0.1' and port '3121'.
09:25:15 INFO  : 'targets -set -filter {jtag_cable_name =~ "Digilent Basys3 210183A37A9AA" && level==0} -index 0' command is executed.
09:25:16 INFO  : FPGA configured successfully with bitstream "D:/FPGA/ProgH-Practicum/PROGH2/EindopdrachtMicroblaze/EindopdrachtMicroblaze.sdk/NoteviewTop_hw_platform_0/download.bit"
09:25:59 INFO  : Disconnected from the channel tcfchan#9.
09:26:01 INFO  : 'targets -set -filter {jtag_cable_name =~ "Digilent Basys3 210183A37A9AA" && level==0} -index 0' command is executed.
09:26:01 INFO  : 'fpga -state' command is executed.
09:26:01 INFO  : Connected to target on host '127.0.0.1' and port '3121'.
09:26:01 INFO  : Jtag cable 'Digilent Basys3 210183A37A9AA' is selected.
09:26:01 INFO  : 'jtag frequency' command is executed.
09:26:01 INFO  : Context for processor 'microblaze_0' is selected.
09:26:01 INFO  : Processor reset is completed for 'microblaze_0'.
09:26:01 INFO  : Context for processor 'microblaze_0' is selected.
09:26:01 INFO  : The application 'D:/FPGA/ProgH-Practicum/PROGH2/EindopdrachtMicroblaze/EindopdrachtMicroblaze.sdk/NoteControl/Debug/NoteControl.elf' is downloaded to processor 'microblaze_0'.
09:26:01 INFO  : ----------------XSDB Script----------------
connect -url tcp:127.0.0.1:3121
targets -set -nocase -filter {name =~ "microblaze*#0" && bscan=="USER2"  && jtag_cable_name =~ "Digilent Basys3 210183A37A9AA"} -index 0
rst -processor
targets -set -nocase -filter {name =~ "microblaze*#0" && bscan=="USER2"  && jtag_cable_name =~ "Digilent Basys3 210183A37A9AA"} -index 0
dow D:/FPGA/ProgH-Practicum/PROGH2/EindopdrachtMicroblaze/EindopdrachtMicroblaze.sdk/NoteControl/Debug/NoteControl.elf
----------------End of Script----------------

09:26:01 INFO  : Memory regions updated for context MicroBlaze #0
09:26:01 INFO  : Memory regions updated for context MicroBlaze #0
09:26:01 INFO  : Context for processor 'microblaze_0' is selected.
09:26:01 INFO  : 'con' command is executed.
09:26:01 INFO  : ----------------XSDB Script (After Launch)----------------
targets -set -nocase -filter {name =~ "microblaze*#0" && bscan=="USER2"  && jtag_cable_name =~ "Digilent Basys3 210183A37A9AA"} -index 0
con
----------------End of Script----------------

09:26:01 INFO  : Launch script is exported to file 'D:\FPGA\ProgH-Practicum\PROGH2\EindopdrachtMicroblaze\EindopdrachtMicroblaze.sdk\.sdk\launch_scripts\xilinx_c-c++_application_(system_debugger)\system_debugger_using_debug_notecontrol.elf_on_local.tcl'
14:53:54 INFO  : Disconnected from the channel tcfchan#10.
14:53:58 ERROR : Unexpected error while parsing XMD response ?: com.google.gson.JsonSyntaxException: com.google.gson.stream.MalformedJsonException: invalid number or unquoted string near 
