
*** Running vivado
    with args -log bouncecube.vds -m64 -product Vivado -mode batch -messageDb vivado.pb -notrace -source bouncecube.tcl


****** Vivado v2017.4 (64-bit)
  **** SW Build 2086221 on Fri Dec 15 20:55:39 MST 2017
  **** IP Build 2085800 on Fri Dec 15 22:25:07 MST 2017
    ** Copyright 1986-2017 Xilinx, Inc. All Rights Reserved.

source bouncecube.tcl -notrace
Command: synth_design -top bouncecube -part xc7a35tcpg236-1
Starting synth_design
Attempting to get a license for feature 'Synthesis' and/or device 'xc7a35t'
INFO: [Common 17-349] Got license for feature 'Synthesis' and/or device 'xc7a35t'
INFO: Launching helper process for spawning children vivado processes
INFO: Helper process launched with PID 21768 
---------------------------------------------------------------------------------
Starting RTL Elaboration : Time (s): cpu = 00:00:05 ; elapsed = 00:00:05 . Memory (MB): peak = 355.426 ; gain = 98.543
---------------------------------------------------------------------------------
INFO: [Synth 8-638] synthesizing module 'bouncecube' [Y:/ProgH-Practica/Practicum06/Practicum06.srcs/sources_1/new/bouncecube.vhd:43]
INFO: [Synth 8-3491] module 'VGA' declared at 'Y:/ProgH-Practica/Practicum06/Practicum06.srcs/sources_1/new/vga.vhd:20' bound to instance 'compvga' of component 'vga' [Y:/ProgH-Practica/Practicum06/Practicum06.srcs/sources_1/new/bouncecube.vhd:76]
INFO: [Synth 8-638] synthesizing module 'VGA' [Y:/ProgH-Practica/Practicum06/Practicum06.srcs/sources_1/new/vga.vhd:29]
INFO: [Synth 8-256] done synthesizing module 'VGA' (1#1) [Y:/ProgH-Practica/Practicum06/Practicum06.srcs/sources_1/new/vga.vhd:29]
INFO: [Synth 8-3491] module 'clk_wiz_0' declared at 'Y:/ProgH-Practica/Practicum06/Practicum06.runs/synth_1/.Xil/Vivado-6392-DESKTOP-MV4G04O/realtime/clk_wiz_0_stub.vhdl:5' bound to instance 'clkdiv' of component 'clk_wiz_0' [Y:/ProgH-Practica/Practicum06/Practicum06.srcs/sources_1/new/bouncecube.vhd:77]
INFO: [Synth 8-638] synthesizing module 'clk_wiz_0' [Y:/ProgH-Practica/Practicum06/Practicum06.runs/synth_1/.Xil/Vivado-6392-DESKTOP-MV4G04O/realtime/clk_wiz_0_stub.vhdl:13]
WARNING: [Synth 8-5640] Port 'vsync' is missing in component declaration [Y:/ProgH-Practica/Practicum06/Practicum06.srcs/sources_1/new/bouncecube.vhd:59]
INFO: [Synth 8-3491] module 'spriterenderer' declared at 'Y:/ProgH-Practica/Practicum06/Practicum06.srcs/sources_1/new/spriterenderer.vhd:36' bound to instance 'compspr' of component 'spriterenderer' [Y:/ProgH-Practica/Practicum06/Practicum06.srcs/sources_1/new/bouncecube.vhd:78]
INFO: [Synth 8-638] synthesizing module 'spriterenderer' [Y:/ProgH-Practica/Practicum06/Practicum06.srcs/sources_1/new/spriterenderer.vhd:47]
INFO: [Synth 8-256] done synthesizing module 'spriterenderer' (2#1) [Y:/ProgH-Practica/Practicum06/Practicum06.srcs/sources_1/new/spriterenderer.vhd:47]
INFO: [Synth 8-256] done synthesizing module 'bouncecube' (3#1) [Y:/ProgH-Practica/Practicum06/Practicum06.srcs/sources_1/new/bouncecube.vhd:43]
WARNING: [Synth 8-3331] design spriterenderer has unconnected port vsync
---------------------------------------------------------------------------------
Finished RTL Elaboration : Time (s): cpu = 00:00:06 ; elapsed = 00:00:07 . Memory (MB): peak = 407.602 ; gain = 150.719
---------------------------------------------------------------------------------

Report Check Netlist: 
+------+------------------+-------+---------+-------+------------------+
|      |Item              |Errors |Warnings |Status |Description       |
+------+------------------+-------+---------+-------+------------------+
|1     |multi_driven_nets |      0|        0|Passed |Multi driven nets |
+------+------------------+-------+---------+-------+------------------+
---------------------------------------------------------------------------------
Finished RTL Optimization Phase 1 : Time (s): cpu = 00:00:06 ; elapsed = 00:00:08 . Memory (MB): peak = 407.602 ; gain = 150.719
---------------------------------------------------------------------------------
INFO: [Device 21-403] Loading part xc7a35tcpg236-1
INFO: [Project 1-570] Preparing netlist for logic optimization

Processing XDC Constraints
Initializing timing engine
Parsing XDC File [Y:/ProgH-Practica/Practicum06/Practicum06.runs/synth_1/.Xil/Vivado-6392-DESKTOP-MV4G04O/dcp1/clk_wiz_0_in_context.xdc] for cell 'clkdiv'
Finished Parsing XDC File [Y:/ProgH-Practica/Practicum06/Practicum06.runs/synth_1/.Xil/Vivado-6392-DESKTOP-MV4G04O/dcp1/clk_wiz_0_in_context.xdc] for cell 'clkdiv'
Parsing XDC File [Y:/ProgH-Practica/Practicum05/Practicum05.srcs/constrs_1/new/constraints.xdc]
WARNING: [Vivado 12-584] No ports matched 'clk25'. [Y:/ProgH-Practica/Practicum05/Practicum05.srcs/constrs_1/new/constraints.xdc:4]
WARNING: [Vivado 12-584] No ports matched 'clk25'. [Y:/ProgH-Practica/Practicum05/Practicum05.srcs/constrs_1/new/constraints.xdc:12]
WARNING: [Vivado 12-584] No ports matched 'blueSwitch'. [Y:/ProgH-Practica/Practicum05/Practicum05.srcs/constrs_1/new/constraints.xdc:17]
WARNING: [Vivado 12-584] No ports matched 'redSwitch'. [Y:/ProgH-Practica/Practicum05/Practicum05.srcs/constrs_1/new/constraints.xdc:18]
WARNING: [Vivado 12-584] No ports matched 'greenSwitch'. [Y:/ProgH-Practica/Practicum05/Practicum05.srcs/constrs_1/new/constraints.xdc:19]
WARNING: [Vivado 12-584] No ports matched 'redSwitch'. [Y:/ProgH-Practica/Practicum05/Practicum05.srcs/constrs_1/new/constraints.xdc:20]
WARNING: [Vivado 12-584] No ports matched 'blueSwitch'. [Y:/ProgH-Practica/Practicum05/Practicum05.srcs/constrs_1/new/constraints.xdc:21]
WARNING: [Vivado 12-584] No ports matched 'greenSwitch'. [Y:/ProgH-Practica/Practicum05/Practicum05.srcs/constrs_1/new/constraints.xdc:22]
Finished Parsing XDC File [Y:/ProgH-Practica/Practicum05/Practicum05.srcs/constrs_1/new/constraints.xdc]
WARNING: [Project 1-498] One or more constraints failed evaluation while reading constraint file [Y:/ProgH-Practica/Practicum05/Practicum05.srcs/constrs_1/new/constraints.xdc] and the design contains unresolved black boxes. These constraints will be read post-synthesis (as long as their source constraint file is marked as used_in_implementation) and should be applied correctly then. You should review the constraints listed in the file [.Xil/bouncecube_propImpl.xdc] and check the run log file to verify that these constraints were correctly applied.
INFO: [Project 1-236] Implementation specific constraints were found while reading constraint file [Y:/ProgH-Practica/Practicum05/Practicum05.srcs/constrs_1/new/constraints.xdc]. These constraints will be ignored for synthesis but will be used in implementation. Impacted constraints are listed in the file [.Xil/bouncecube_propImpl.xdc].
Resolution: To avoid this warning, move constraints listed in [.Xil/bouncecube_propImpl.xdc] to another XDC file and exclude this new file from synthesis with the used_in_synthesis property (File Properties dialog in GUI) and re-run elaboration/synthesis.
Parsing XDC File [Y:/ProgH-Practica/Practicum06/Practicum06.runs/synth_1/dont_touch.xdc]
Finished Parsing XDC File [Y:/ProgH-Practica/Practicum06/Practicum06.runs/synth_1/dont_touch.xdc]
Completed Processing XDC Constraints

INFO: [Project 1-111] Unisim Transformation Summary:
No Unisim elements were transformed.

Constraint Validation Runtime : Time (s): cpu = 00:00:00 ; elapsed = 00:00:00.021 . Memory (MB): peak = 745.223 ; gain = 0.000
---------------------------------------------------------------------------------
Finished Constraint Validation : Time (s): cpu = 00:00:15 ; elapsed = 00:00:23 . Memory (MB): peak = 745.223 ; gain = 488.340
---------------------------------------------------------------------------------
---------------------------------------------------------------------------------
Start Loading Part and Timing Information
---------------------------------------------------------------------------------
Loading part: xc7a35tcpg236-1
---------------------------------------------------------------------------------
Finished Loading Part and Timing Information : Time (s): cpu = 00:00:15 ; elapsed = 00:00:23 . Memory (MB): peak = 745.223 ; gain = 488.340
---------------------------------------------------------------------------------
---------------------------------------------------------------------------------
Start Applying 'set_property' XDC Constraints
---------------------------------------------------------------------------------
Applied set_property IO_BUFFER_TYPE = NONE for clk. (constraint file  Y:/ProgH-Practica/Practicum06/Practicum06.runs/synth_1/.Xil/Vivado-6392-DESKTOP-MV4G04O/dcp1/clk_wiz_0_in_context.xdc, line 3).
Applied set_property CLOCK_BUFFER_TYPE = NONE for clk. (constraint file  Y:/ProgH-Practica/Practicum06/Practicum06.runs/synth_1/.Xil/Vivado-6392-DESKTOP-MV4G04O/dcp1/clk_wiz_0_in_context.xdc, line 4).
Applied set_property DONT_TOUCH = true for clkdiv. (constraint file  auto generated constraint, line ).
---------------------------------------------------------------------------------
Finished applying 'set_property' XDC Constraints : Time (s): cpu = 00:00:15 ; elapsed = 00:00:23 . Memory (MB): peak = 745.223 ; gain = 488.340
---------------------------------------------------------------------------------
WARNING: [Synth 8-6014] Unused sequential element hcount_reg was removed.  [Y:/ProgH-Practica/Practicum06/Practicum06.srcs/sources_1/new/vga.vhd:34]
WARNING: [Synth 8-6014] Unused sequential element vcount_reg was removed.  [Y:/ProgH-Practica/Practicum06/Practicum06.srcs/sources_1/new/vga.vhd:35]
INFO: [Synth 8-5818] HDL ADVISOR - The operator resource <adder> is shared. To prevent sharing consider applying a KEEP on the output of the operator [Y:/ProgH-Practica/Practicum06/Practicum06.srcs/sources_1/new/spriterenderer.vhd:104]
INFO: [Synth 8-5818] HDL ADVISOR - The operator resource <adder> is shared. To prevent sharing consider applying a KEEP on the output of the operator [Y:/ProgH-Practica/Practicum06/Practicum06.srcs/sources_1/new/spriterenderer.vhd:104]
WARNING: [Synth 8-6014] Unused sequential element sprH_reg was removed.  [Y:/ProgH-Practica/Practicum06/Practicum06.srcs/sources_1/new/spriterenderer.vhd:105]
WARNING: [Synth 8-6014] Unused sequential element sprV_reg was removed.  [Y:/ProgH-Practica/Practicum06/Practicum06.srcs/sources_1/new/spriterenderer.vhd:105]
WARNING: [Synth 8-6014] Unused sequential element posH_reg was removed.  [Y:/ProgH-Practica/Practicum06/Practicum06.srcs/sources_1/new/spriterenderer.vhd:104]
WARNING: [Synth 8-6014] Unused sequential element posV_reg was removed.  [Y:/ProgH-Practica/Practicum06/Practicum06.srcs/sources_1/new/spriterenderer.vhd:104]
---------------------------------------------------------------------------------
Finished RTL Optimization Phase 2 : Time (s): cpu = 00:00:16 ; elapsed = 00:00:24 . Memory (MB): peak = 745.223 ; gain = 488.340
---------------------------------------------------------------------------------

Report RTL Partitions: 
+-+--------------+------------+----------+
| |RTL Partition |Replication |Instances |
+-+--------------+------------+----------+
+-+--------------+------------+----------+
---------------------------------------------------------------------------------
Start RTL Component Statistics 
---------------------------------------------------------------------------------
Detailed RTL Component Info : 
+---Adders : 
	   2 Input     32 Bit       Adders := 2     
	   2 Input     11 Bit       Adders := 2     
	   2 Input     10 Bit       Adders := 2     
+---Registers : 
	               10 Bit    Registers := 2     
	                1 Bit    Registers := 11    
+---Muxes : 
	  32 Input      3 Bit        Muxes := 24    
---------------------------------------------------------------------------------
Finished RTL Component Statistics 
---------------------------------------------------------------------------------
---------------------------------------------------------------------------------
Start RTL Hierarchical Component Statistics 
---------------------------------------------------------------------------------
Hierarchical RTL Component report 
Module VGA 
Detailed RTL Component Info : 
+---Adders : 
	   2 Input     10 Bit       Adders := 2     
+---Registers : 
	               10 Bit    Registers := 2     
	                1 Bit    Registers := 6     
Module spriterenderer 
Detailed RTL Component Info : 
+---Adders : 
	   2 Input     32 Bit       Adders := 2     
	   2 Input     11 Bit       Adders := 2     
+---Registers : 
	                1 Bit    Registers := 5     
+---Muxes : 
	  32 Input      3 Bit        Muxes := 24    
---------------------------------------------------------------------------------
Finished RTL Hierarchical Component Statistics
---------------------------------------------------------------------------------
---------------------------------------------------------------------------------
Start Part Resource Summary
---------------------------------------------------------------------------------
Part Resources:
DSPs: 90 (col length:60)
BRAMs: 100 (col length: RAMB18 60 RAMB36 30)
---------------------------------------------------------------------------------
Finished Part Resource Summary
---------------------------------------------------------------------------------
---------------------------------------------------------------------------------
Start Cross Boundary and Area Optimization
---------------------------------------------------------------------------------
WARNING: [Synth 8-6014] Unused sequential element compvga/hcount_reg was removed.  [Y:/ProgH-Practica/Practicum06/Practicum06.srcs/sources_1/new/vga.vhd:34]
WARNING: [Synth 8-6014] Unused sequential element compvga/vcount_reg was removed.  [Y:/ProgH-Practica/Practicum06/Practicum06.srcs/sources_1/new/vga.vhd:35]
WARNING: [Synth 8-6014] Unused sequential element compspr/posH_reg was removed.  [Y:/ProgH-Practica/Practicum06/Practicum06.srcs/sources_1/new/spriterenderer.vhd:104]
WARNING: [Synth 8-6014] Unused sequential element compspr/posV_reg was removed.  [Y:/ProgH-Practica/Practicum06/Practicum06.srcs/sources_1/new/spriterenderer.vhd:104]
WARNING: [Synth 8-6014] Unused sequential element compspr/sprH_reg was removed.  [Y:/ProgH-Practica/Practicum06/Practicum06.srcs/sources_1/new/spriterenderer.vhd:105]
WARNING: [Synth 8-6014] Unused sequential element compspr/sprV_reg was removed.  [Y:/ProgH-Practica/Practicum06/Practicum06.srcs/sources_1/new/spriterenderer.vhd:105]
INFO: [Synth 8-3333] propagating constant 0 across sequential element (\compspr/green_reg )
INFO: [Synth 8-3333] propagating constant 0 across sequential element (\compvga/green_reg )
WARNING: [Synth 8-3332] Sequential element (compvga/green_reg) is unused and will be removed from module bouncecube.
WARNING: [Synth 8-3332] Sequential element (compspr/green_reg) is unused and will be removed from module bouncecube.
---------------------------------------------------------------------------------
Finished Cross Boundary and Area Optimization : Time (s): cpu = 00:00:17 ; elapsed = 00:00:26 . Memory (MB): peak = 745.223 ; gain = 488.340
---------------------------------------------------------------------------------

Report RTL Partitions: 
+-+--------------+------------+----------+
| |RTL Partition |Replication |Instances |
+-+--------------+------------+----------+
+-+--------------+------------+----------+
---------------------------------------------------------------------------------
Start Applying XDC Timing Constraints
---------------------------------------------------------------------------------
INFO: [Synth 8-5578] Moved timing constraint from pin 'clkdiv/clk_out1' to pin 'clkdiv/bbstub_clk_out1/O'
INFO: [Synth 8-5819] Moved 1 constraints on hierarchical pins to their respective driving/loading pins
---------------------------------------------------------------------------------
Finished Applying XDC Timing Constraints : Time (s): cpu = 00:00:25 ; elapsed = 00:00:33 . Memory (MB): peak = 745.223 ; gain = 488.340
---------------------------------------------------------------------------------
---------------------------------------------------------------------------------
Start Timing Optimization
---------------------------------------------------------------------------------
---------------------------------------------------------------------------------
Finished Timing Optimization : Time (s): cpu = 00:00:25 ; elapsed = 00:00:34 . Memory (MB): peak = 763.910 ; gain = 507.027
---------------------------------------------------------------------------------

Report RTL Partitions: 
+-+--------------+------------+----------+
| |RTL Partition |Replication |Instances |
+-+--------------+------------+----------+
+-+--------------+------------+----------+
---------------------------------------------------------------------------------
Start Technology Mapping
---------------------------------------------------------------------------------
---------------------------------------------------------------------------------
Finished Technology Mapping : Time (s): cpu = 00:00:26 ; elapsed = 00:00:35 . Memory (MB): peak = 771.938 ; gain = 515.055
---------------------------------------------------------------------------------

Report RTL Partitions: 
+-+--------------+------------+----------+
| |RTL Partition |Replication |Instances |
+-+--------------+------------+----------+
+-+--------------+------------+----------+
---------------------------------------------------------------------------------
Start IO Insertion
---------------------------------------------------------------------------------
---------------------------------------------------------------------------------
Start Flattening Before IO Insertion
---------------------------------------------------------------------------------
---------------------------------------------------------------------------------
Finished Flattening Before IO Insertion
---------------------------------------------------------------------------------
---------------------------------------------------------------------------------
Start Final Netlist Cleanup
---------------------------------------------------------------------------------
---------------------------------------------------------------------------------
Finished Final Netlist Cleanup
---------------------------------------------------------------------------------
---------------------------------------------------------------------------------
Finished IO Insertion : Time (s): cpu = 00:00:26 ; elapsed = 00:00:35 . Memory (MB): peak = 771.938 ; gain = 515.055
---------------------------------------------------------------------------------

Report Check Netlist: 
+------+------------------+-------+---------+-------+------------------+
|      |Item              |Errors |Warnings |Status |Description       |
+------+------------------+-------+---------+-------+------------------+
|1     |multi_driven_nets |      0|        0|Passed |Multi driven nets |
+------+------------------+-------+---------+-------+------------------+
---------------------------------------------------------------------------------
Start Renaming Generated Instances
---------------------------------------------------------------------------------
---------------------------------------------------------------------------------
Finished Renaming Generated Instances : Time (s): cpu = 00:00:26 ; elapsed = 00:00:35 . Memory (MB): peak = 771.938 ; gain = 515.055
---------------------------------------------------------------------------------

Report RTL Partitions: 
+-+--------------+------------+----------+
| |RTL Partition |Replication |Instances |
+-+--------------+------------+----------+
+-+--------------+------------+----------+
---------------------------------------------------------------------------------
Start Rebuilding User Hierarchy
---------------------------------------------------------------------------------
---------------------------------------------------------------------------------
Finished Rebuilding User Hierarchy : Time (s): cpu = 00:00:27 ; elapsed = 00:00:36 . Memory (MB): peak = 771.938 ; gain = 515.055
---------------------------------------------------------------------------------
---------------------------------------------------------------------------------
Start Renaming Generated Ports
---------------------------------------------------------------------------------
---------------------------------------------------------------------------------
Finished Renaming Generated Ports : Time (s): cpu = 00:00:27 ; elapsed = 00:00:36 . Memory (MB): peak = 771.938 ; gain = 515.055
---------------------------------------------------------------------------------
---------------------------------------------------------------------------------
Start Handling Custom Attributes
---------------------------------------------------------------------------------
---------------------------------------------------------------------------------
Finished Handling Custom Attributes : Time (s): cpu = 00:00:27 ; elapsed = 00:00:36 . Memory (MB): peak = 771.938 ; gain = 515.055
---------------------------------------------------------------------------------
---------------------------------------------------------------------------------
Start Renaming Generated Nets
---------------------------------------------------------------------------------
---------------------------------------------------------------------------------
Finished Renaming Generated Nets : Time (s): cpu = 00:00:27 ; elapsed = 00:00:36 . Memory (MB): peak = 771.938 ; gain = 515.055
---------------------------------------------------------------------------------
---------------------------------------------------------------------------------
Start Writing Synthesis Report
---------------------------------------------------------------------------------

Report BlackBoxes: 
+------+--------------+----------+
|      |BlackBox name |Instances |
+------+--------------+----------+
|1     |clk_wiz_0     |         1|
+------+--------------+----------+

Report Cell Usage: 
+------+-----------------+------+
|      |Cell             |Count |
+------+-----------------+------+
|1     |clk_wiz_0_bbox_0 |     1|
|2     |CARRY4           |    78|
|3     |LUT1             |    72|
|4     |LUT2             |   224|
|5     |LUT3             |     9|
|6     |LUT4             |    40|
|7     |LUT5             |    28|
|8     |LUT6             |    31|
|9     |MUXF7            |     3|
|10    |FDRE             |   157|
|11    |OBUF             |     5|
+------+-----------------+------+

Report Instance Areas: 
+------+----------+---------------+------+
|      |Instance  |Module         |Cells |
+------+----------+---------------+------+
|1     |top       |               |   648|
|2     |  compspr |spriterenderer |   572|
|3     |  compvga |VGA            |    70|
+------+----------+---------------+------+
---------------------------------------------------------------------------------
Finished Writing Synthesis Report : Time (s): cpu = 00:00:27 ; elapsed = 00:00:36 . Memory (MB): peak = 771.938 ; gain = 515.055
---------------------------------------------------------------------------------
Synthesis finished with 0 errors, 0 critical warnings and 14 warnings.
Synthesis Optimization Runtime : Time (s): cpu = 00:00:16 ; elapsed = 00:00:26 . Memory (MB): peak = 771.938 ; gain = 177.434
Synthesis Optimization Complete : Time (s): cpu = 00:00:27 ; elapsed = 00:00:36 . Memory (MB): peak = 771.938 ; gain = 515.055
INFO: [Project 1-571] Translating synthesized netlist
INFO: [Netlist 29-17] Analyzing 81 Unisim elements for replacement
INFO: [Netlist 29-28] Unisim Transformation completed in 0 CPU seconds
INFO: [Project 1-570] Preparing netlist for logic optimization
INFO: [Opt 31-138] Pushed 0 inverter(s) to 0 load pin(s).
INFO: [Project 1-111] Unisim Transformation Summary:
No Unisim elements were transformed.

INFO: [Common 17-83] Releasing license: Synthesis
28 Infos, 25 Warnings, 0 Critical Warnings and 0 Errors encountered.
synth_design completed successfully
synth_design: Time (s): cpu = 00:00:28 ; elapsed = 00:00:40 . Memory (MB): peak = 771.938 ; gain = 526.523
INFO: [Common 17-1381] The checkpoint 'Y:/ProgH-Practica/Practicum06/Practicum06.runs/synth_1/bouncecube.dcp' has been generated.
INFO: [runtcl-4] Executing : report_utilization -file bouncecube_utilization_synth.rpt -pb bouncecube_utilization_synth.pb
report_utilization: Time (s): cpu = 00:00:00 ; elapsed = 00:00:00.051 . Memory (MB): peak = 771.938 ; gain = 0.000
INFO: [Common 17-206] Exiting Vivado at Wed Dec 19 23:28:04 2018...
