Copyright 1986-2017 Xilinx, Inc. All Rights Reserved.
--------------------------------------------------------------------------------------
| Tool Version : Vivado v.2017.4 (win64) Build 2086221 Fri Dec 15 20:55:39 MST 2017
| Date         : Sun Mar 17 16:49:00 2019
| Host         : LAPTOP-HRAQ4RRP running 64-bit major release  (build 9200)
| Command      : report_control_sets -verbose -file PS2Reader_control_sets_placed.rpt
| Design       : PS2Reader
| Device       : xc7a35t
--------------------------------------------------------------------------------------

Control Set Information

Table of Contents
-----------------
1. Summary
2. Flip-Flop Distribution
3. Detailed Control Set Information

1. Summary
----------

+----------------------------------------------------------+-------+
|                          Status                          | Count |
+----------------------------------------------------------+-------+
| Number of unique control sets                            |     9 |
| Unused register locations in slices containing registers |    26 |
+----------------------------------------------------------+-------+


2. Flip-Flop Distribution
-------------------------

+--------------+-----------------------+------------------------+-----------------+--------------+
| Clock Enable | Synchronous Set/Reset | Asynchronous Set/Reset | Total Registers | Total Slices |
+--------------+-----------------------+------------------------+-----------------+--------------+
| No           | No                    | No                     |              11 |            7 |
| No           | No                    | Yes                    |               0 |            0 |
| No           | Yes                   | No                     |              32 |            8 |
| Yes          | No                    | No                     |              42 |           14 |
| Yes          | No                    | Yes                    |               0 |            0 |
| Yes          | Yes                   | No                     |               9 |            4 |
+--------------+-----------------------+------------------------+-----------------+--------------+


3. Detailed Control Set Information
-----------------------------------

+----------------+---------------------------------------------+---------------------------------------------+------------------+----------------+
|  Clock Signal  |                Enable Signal                |               Set/Reset Signal              | Slice Load Count | Bel Load Count |
+----------------+---------------------------------------------+---------------------------------------------+------------------+----------------+
| ~clk_IBUF_BUFG |                                             |                                             |                1 |              1 |
|  clk_IBUF_BUFG | SegDriv/divCnt0_inferred__0/i__carry__2_n_0 | SegDriv/segmentSel[3]_i_1_n_0               |                2 |              4 |
| ~clk_IBUF_BUFG | shift_reg[10]_i_1_n_0                       | tpsdout[7]_i_1_n_0                          |                2 |              5 |
|  clk_IBUF_BUFG | SegDriv/divCnt0_inferred__0/i__carry__2_n_0 |                                             |                1 |              7 |
| ~clk_IBUF_BUFG | tpsdout[7]_i_1_n_0                          |                                             |                4 |              8 |
|  clk_IBUF_BUFG |                                             |                                             |                6 |             10 |
| ~clk_IBUF_BUFG | shift_reg[10]_i_1_n_0                       |                                             |                5 |             11 |
|  clk_IBUF_BUFG | segBuf[15]_i_1_n_0                          |                                             |                4 |             16 |
|  clk_IBUF_BUFG |                                             | SegDriv/divCnt0_inferred__0/i__carry__2_n_0 |                8 |             32 |
+----------------+---------------------------------------------+---------------------------------------------+------------------+----------------+


+--------+-----------------------+
| Fanout | Number of ControlSets |
+--------+-----------------------+
| 1      |                     1 |
| 4      |                     1 |
| 5      |                     1 |
| 7      |                     1 |
| 8      |                     1 |
| 10     |                     1 |
| 11     |                     1 |
| 16+    |                     2 |
+--------+-----------------------+


